[0.921s] Invoking command in '/home/olive/workspace2/build/apriltag_detector': AMENT_PREFIX_PATH=/home/olive/workspace2/install/apriltag_msgs:${AMENT_PREFIX_PATH} CMAKE_PREFIX_PATH=/home/olive/workspace2/install/apriltag_msgs:/home/olive/workspace2/install/image_publisher:/home/olive/workspace2/install/image_geometry:/home/olive/workspace2/install/cv_bridge:/opt/ros2/humble/install/image_publisher:/opt/ros2/humble/install/image_geometry:/opt/ros2/humble/install/cv_bridge:/opt/olive/packages/install/position_control:/opt/olive/packages/install/olive_dcm:/opt/ros2/humble/install/rosbag2:/opt/ros2/humble/install/rosbag2_compression_zstd:/opt/ros2/humble/install/zstd_vendor:/opt/ros2/humble/install/rviz_visual_testing_framework:/opt/ros2/humble/install/rviz2:/opt/ros2/humble/install/rviz_default_plugins:/opt/ros2/humble/install/rviz_common:/opt/ros2/humble/install/rosbag2_py:/opt/ros2/humble/install/rosbag2_transport:/opt/ros2/humble/install/rosbag2_performance_benchmarking:/opt/ros2/humble/install/rosbag2_compression:/opt/ros2/humble/install/rosbag2_cpp:/opt/ros2/humble/install/rosbag2_storage_default_plugins:/opt/ros2/humble/install/rosbag2_storage:/opt/ros2/humble/install/image_common:/opt/ros2/humble/install/camera_info_manager:/opt/ros2/humble/install/camera_calibration_parsers:/opt/ros2/humble/install/yaml_cpp_vendor:/opt/ros2/humble/install/interactive_markers:/opt/ros2/humble/install/common_interfaces:/opt/ros2/humble/install/visualization_msgs:/opt/ros2/humble/install/dummy_robot_bringup:/opt/ros2/humble/install/robot_state_publisher:/opt/ros2/humble/install/kdl_parser:/opt/ros2/humble/install/urdf:/opt/ros2/humble/install/urdfdom:/opt/ros2/humble/install/urdf_parser_plugin:/opt/ros2/humble/install/urdfdom_headers:/opt/ros2/humble/install/turtlesim:/opt/ros2/humble/install/geometry2:/opt/ros2/humble/install/tf2_sensor_msgs:/opt/ros2/humble/install/test_tf2:/opt/ros2/humble/install/tf2_kdl:/opt/ros2/humble/install/tf2_geometry_msgs:/opt/ros2/humble/install/tf2_eigen:/opt/ros2/humble/install/tf2_bullet:/opt/ros2/humble/install/tf2_ros:/opt/ros2/humble/install/tf2_py:/opt/ros2/humble/install/tf2_msgs:/opt/ros2/humble/install/test_msgs:/opt/ros2/humble/install/sros2_cmake:/opt/ros2/humble/install/ros2cli_common_extensions:/opt/ros2/humble/install/rqt_py_common:/opt/ros2/humble/install/ros_testing:/opt/ros2/humble/install/ros2cli_test_interfaces:/opt/ros2/humble/install/quality_of_service_demo_cpp:/opt/ros2/humble/install/image_transport:/opt/ros2/humble/install/message_filters:/opt/ros2/humble/install/demo_nodes_cpp:/opt/ros2/humble/install/composition:/opt/ros2/humble/install/laser_geometry:/opt/ros2/humble/install/rclpy:/opt/ros2/humble/install/examples_rclcpp_minimal_action_server:/opt/ros2/humble/install/examples_rclcpp_minimal_action_client:/opt/ros2/humble/install/action_tutorials_cpp:/opt/ros2/humble/install/rclcpp_action:/opt/ros2/humble/install/rcl_action:/opt/ros2/humble/install/examples_rclcpp_wait_set:/opt/ros2/humble/install/examples_rclcpp_minimal_service:/opt/ros2/humble/install/examples_rclcpp_minimal_client:/opt/ros2/humble/install/examples_rclcpp_async_client:/opt/ros2/humble/install/example_interfaces:/opt/ros2/humble/install/action_tutorials_interfaces:/opt/ros2/humble/install/action_msgs:/opt/ros2/humble/install/unique_identifier_msgs:/opt/ros2/humble/install/ament_lint_common:/opt/ros2/humble/install/ament_cmake_uncrustify:/opt/ros2/humble/install/uncrustify_vendor:/opt/ros2/humble/install/trajectory_msgs:/opt/ros2/humble/install/topic_statistics_demo:/opt/ros2/humble/install/pendulum_control:/opt/ros2/humble/install/tlsf_cpp:/opt/ros2/humble/install/test_tracetools:/opt/ros2/humble/install/rqt_gui_cpp:/opt/ros2/humble/install/rosbag2_test_common:/opt/ros2/humble/install/ros2lifecycle_test_fixtures:/opt/ros2/humble/install/lifecycle:/opt/ros2/humble/install/rclcpp_lifecycle:/opt/ros2/humble/install/logging_demo:/opt/ros2/humble/install/image_tools:/opt/ros2/humble/install/examples_rclcpp_minimal_subscriber:/opt/ros2/humble/install/examples_rclcpp_minimal_composition:/opt/ros2/humble/install/demo_nodes_cpp_native:/opt/ros2/humble/install/rclcpp_components:/opt/ros2/humble/install/intra_process_demo:/opt/ros2/humble/install/examples_rclcpp_multithreaded_executor:/opt/ros2/humble/install/examples_rclcpp_minimal_timer:/opt/ros2/humble/install/examples_rclcpp_minimal_publisher:/opt/ros2/humble/install/examples_rclcpp_cbg_executor:/opt/ros2/humble/install/dummy_sensors:/opt/ros2/humble/install/dummy_map_server:/opt/ros2/humble/install/rclcpp:/opt/ros2/humble/install/rcl_lifecycle:/opt/ros2/humble/install/libstatistics_collector:/opt/ros2/humble/install/rcl:/opt/ros2/humble/install/rmw_implementation:/opt/ros2/humble/install/rmw_fastrtps_dynamic_cpp:/opt/ros2/humble/install/rmw_fastrtps_cpp:/opt/ros2/humble/install/rmw_fastrtps_shared_cpp:/opt/ros2/humble/install/rmw_cyclonedds_cpp:/opt/ros2/humble/install/tracetools:/opt/ros2/humble/install/tlsf:/opt/ros2/humble/install/tinyxml_vendor:/opt/ros2/humble/install/qt_gui_core:/opt/ros2/humble/install/qt_gui_cpp:/opt/ros2/humble/install/pluginlib:/opt/ros2/humble/install/tinyxml2_vendor:/opt/ros2/humble/install/tf2_eigen_kdl:/opt/ros2/humble/install/tf2:/opt/ros2/humble/install/test_security:/opt/ros2/humble/install/test_rmw_implementation:/opt/ros2/humble/install/test_rclcpp:/opt/ros2/humble/install/test_quality_of_service:/opt/ros2/humble/install/test_launch_testing:/opt/ros2/humble/install/test_interface_files:/opt/ros2/humble/install/test_communication:/opt/ros2/humble/install/test_cli_remapping:/opt/ros2/humble/install/test_cli:/opt/ros2/humble/install/qt_gui_app:/opt/ros2/humble/install/qt_gui:/opt/ros2/humble/install/tango_icons_vendor:/opt/ros2/humble/install/stereo_msgs:/opt/ros2/humble/install/std_srvs:/opt/ros2/humble/install/shape_msgs:/opt/ros2/humble/install/map_msgs:/opt/ros2/humble/install/sensor_msgs:/opt/ros2/humble/install/nav_msgs:/opt/ros2/humble/install/diagnostic_msgs:/opt/ros2/humble/install/geometry_msgs:/opt/ros2/humble/install/actionlib_msgs:/opt/ros2/humble/install/std_msgs:/opt/ros2/humble/install/statistics_msgs:/opt/ros2/humble/install/sqlite3_vendor:/opt/ros2/humble/install/rcl_logging_spdlog:/opt/ros2/humble/install/spdlog_vendor:/opt/ros2/humble/install/shared_queues_vendor:/opt/ros2/humble/install/rviz_rendering_tests:/opt/ros2/humble/install/rviz_rendering:/opt/ros2/humble/install/rviz_ogre_vendor:/opt/ros2/humble/install/rviz_assimp_vendor:/opt/ros2/humble/install/rttest:/opt/ros2/humble/install/rmw_connextddsmicro:/opt/ros2/humble/install/rmw_connextdds:/opt/ros2/humble/install/rmw_connextdds_common:/opt/ros2/humble/install/rti_connext_dds_cmake_module:/opt/ros2/humble/install/rosgraph_msgs:/opt/ros2/humble/install/rosbag2_interfaces:/opt/ros2/humble/install/rmw_dds_common:/opt/ros2/humble/install/composition_interfaces:/opt/ros2/humble/install/rcl_interfaces:/opt/ros2/humble/install/pendulum_msgs:/opt/ros2/humble/install/lifecycle_msgs:/opt/ros2/humble/install/builtin_interfaces:/opt/ros2/humble/install/rosidl_default_runtime:/opt/ros2/humble/install/rosidl_default_generators:/opt/ros2/humble/install/rosidl_generator_py:/opt/ros2/humble/install/rosidl_typesupport_introspection_tests:/opt/ros2/humble/install/rosidl_typesupport_cpp:/opt/ros2/humble/install/rosidl_typesupport_introspection_cpp:/opt/ros2/humble/install/rosidl_typesupport_c:/opt/ros2/humble/install/rosidl_typesupport_introspection_c:/opt/ros2/humble/install/rosidl_typesupport_fastrtps_c:/opt/ros2/humble/install/rosidl_typesupport_fastrtps_cpp:/opt/ros2/humble/install/rosidl_generator_cpp:/opt/ros2/humble/install/rosidl_runtime_cpp:/opt/ros2/humble/install/rcl_yaml_param_parser:/opt/ros2/humble/install/rmw:/opt/ros2/humble/install/rosidl_runtime_c:/opt/ros2/humble/install/rosidl_generator_c:/opt/ros2/humble/install/rosidl_typesupport_interface:/opt/ros2/humble/install/rosidl_generator_dds_idl:/opt/ros2/humble/install/rosidl_cmake:/opt/ros2/humble/install/rosidl_parser:/opt/ros2/humble/install/rosidl_adapter:/opt/ros2/humble/install/rosbag2_tests:/opt/ros2/humble/install/ros_environment:/opt/ros2/humble/install/rmw_implementation_cmake:/opt/ros2/humble/install/resource_retriever:/opt/ros2/humble/install/class_loader:/opt/ros2/humble/install/rcpputils:/opt/ros2/humble/install/rcl_logging_noop:/opt/ros2/humble/install/rcl_logging_interface:/opt/ros2/humble/install/rcutils:/opt/ros2/humble/install/qt_gui_py_common:/opt/ros2/humble/install/qt_dotgraph:/opt/ros2/humble/install/python_qt_binding:/opt/ros2/humble/install/python_orocos_kdl_vendor:/opt/ros2/humble/install/launch_testing_ament_cmake:/opt/ros2/humble/install/python_cmake_module:/opt/ros2/humble/install/pybind11_vendor:/opt/ros2/humble/install/performance_test_fixture:/opt/ros2/humble/install/osrf_testing_tools_cpp:/opt/ros2/humble/install/orocos_kdl_vendor:/opt/ros2/humble/install/mimick_vendor:/opt/ros2/humble/install/libyaml_vendor:/opt/ros2/humble/install/libcurl_vendor:/opt/ros2/humble/install/keyboard_handler:/opt/ros2/humble/install/cyclonedds:/opt/ros2/humble/install/iceoryx_posh:/opt/ros2/humble/install/iceoryx_hoofs:/opt/ros2/humble/install/iceoryx_binding_c:/opt/ros2/humble/install/ament_cmake_ros:/opt/ros2/humble/install/ament_cmake_gmock:/opt/ros2/humble/install/gmock_vendor:/opt/ros2/humble/install/ament_cmake_auto:/opt/ros2/humble/install/ament_cmake_gtest:/opt/ros2/humble/install/gtest_vendor:/opt/ros2/humble/install/ament_cmake_google_benchmark:/opt/ros2/humble/install/google_benchmark_vendor:/opt/ros2/humble/install/fastrtps:/opt/ros2/humble/install/foonathan_memory_vendor:/opt/ros2/humble/install/fastrtps_cmake_module:/opt/ros2/humble/install/fastcdr:/opt/ros2/humble/install/eigen3_cmake_module:/opt/ros2/humble/install/console_bridge_vendor:/opt/ros2/humble/install/ament_cmake_xmllint:/opt/ros2/humble/install/ament_cmake_pyflakes:/opt/ros2/humble/install/ament_cmake_pycodestyle:/opt/ros2/humble/install/ament_cmake_pep257:/opt/ros2/humble/install/ament_cmake_pclint:/opt/ros2/humble/install/ament_lint_auto:/opt/ros2/humble/install/ament_cmake:/opt/ros2/humble/install/ament_cmake_version:/opt/ros2/humble/install/ament_cmake_pytest:/opt/ros2/humble/install/ament_cmake_nose:/opt/ros2/humble/install/ament_cmake_mypy:/opt/ros2/humble/install/ament_cmake_lint_cmake:/opt/ros2/humble/install/ament_cmake_flake8:/opt/ros2/humble/install/ament_cmake_cpplint:/opt/ros2/humble/install/ament_cmake_cppcheck:/opt/ros2/humble/install/ament_cmake_copyright:/opt/ros2/humble/install/ament_cmake_clang_tidy:/opt/ros2/humble/install/ament_cmake_clang_format:/opt/ros2/humble/install/ament_cmake_test:/opt/ros2/humble/install/ament_cmake_target_dependencies:/opt/ros2/humble/install/ament_cmake_python:/opt/ros2/humble/install/ament_cmake_export_dependencies:/opt/ros2/humble/install/ament_cmake_libraries:/opt/ros2/humble/install/ament_cmake_include_directories:/opt/ros2/humble/install/ament_cmake_gen_version_h:/opt/ros2/humble/install/ament_cmake_export_targets:/opt/ros2/humble/install/ament_cmake_export_link_flags:/opt/ros2/humble/install/ament_cmake_export_interfaces:/opt/ros2/humble/install/ament_cmake_export_libraries:/opt/ros2/humble/install/ament_cmake_export_include_directories:/opt/ros2/humble/install/ament_cmake_export_definitions:/opt/ros2/humble/install/ament_cmake_core:/opt/ros2/humble/install/ament_index_cpp:/home/olive/examples/install/shake_detector:/opt/ros2/humble/install/rqt_bag_plugins:/opt/ros2/humble/install/rqt_bag:/opt/ros2/humble/install/ros2bag:/opt/ros2/humble/install/tracetools_test:/opt/ros2/humble/install/tracetools_launch:/opt/ros2/humble/install/topic_monitor:/opt/ros2/humble/install/tf2_tools:/opt/ros2/humble/install/examples_tf2_py:/opt/ros2/humble/install/tf2_ros_py:/opt/ros2/humble/install/sros2:/opt/ros2/humble/install/rqt_topic:/opt/ros2/humble/install/rqt_srv:/opt/ros2/humble/install/rqt_shell:/opt/ros2/humble/install/rqt_service_caller:/opt/ros2/humble/install/rqt_reconfigure:/opt/ros2/humble/install/rqt_py_console:/opt/ros2/humble/install/rqt_publisher:/opt/ros2/humble/install/rqt_plot:/opt/ros2/humble/install/rqt_action:/opt/ros2/humble/install/rqt_msg:/opt/ros2/humble/install/rqt_console:/opt/ros2/humble/install/rqt:/opt/ros2/humble/install/rqt_graph:/opt/ros2/humble/install/rqt_gui_py:/opt/ros2/humble/install/rqt_gui:/opt/ros2/humble/install/ros2trace:/opt/ros2/humble/install/ros2topic:/opt/ros2/humble/install/ros2test:/opt/ros2/humble/install/ros2component:/opt/ros2/humble/install/ros2param:/opt/ros2/humble/install/ros2lifecycle:/opt/ros2/humble/install/ros2service:/opt/ros2/humble/install/ros2run:/opt/ros2/humble/install/ros2launch:/opt/ros2/humble/install/ros2pkg:/opt/ros2/humble/install/ros2node:/opt/ros2/humble/install/ros2multicast:/opt/ros2/humble/install/ros2interface:/opt/ros2/humble/install/ros2doctor:/opt/ros2/humble/install/ros2action:/opt/ros2/humble/install/ros2cli:/opt/ros2/humble/install/quality_of_service_demo_py:/opt/ros2/humble/install/lifecycle_py:/opt/ros2/humble/install/launch_testing_ros:/opt/ros2/humble/install/launch_ros:/opt/ros2/humble/install/examples_rclpy_pointcloud_publisher:/opt/ros2/humble/install/examples_rclpy_minimal_subscriber:/opt/ros2/humble/install/examples_rclpy_minimal_service:/opt/ros2/humble/install/examples_rclpy_minimal_publisher:/opt/ros2/humble/install/examples_rclpy_minimal_client:/opt/ros2/humble/install/examples_rclpy_minimal_action_server:/opt/ros2/humble/install/examples_rclpy_minimal_action_client:/opt/ros2/humble/install/examples_rclpy_guard_conditions:/opt/ros2/humble/install/examples_rclpy_executors:/opt/ros2/humble/install/demo_nodes_py:/opt/ros2/humble/install/action_tutorials_py:/opt/ros2/humble/install/ament_uncrustify:/opt/ros2/humble/install/tracetools_trace:/opt/ros2/humble/install/tracetools_read:/opt/ros2/humble/install/test_tracetools_launch:/opt/ros2/humble/install/test_launch_ros:/opt/ros2/humble/install/sensor_msgs_py:/opt/ros2/humble/install/rpyutils:/opt/ros2/humble/install/rosidl_runtime_py:/opt/ros2/humble/install/rosidl_cli:/opt/ros2/humble/install/launch_pytest:/opt/ros2/humble/install/launch_testing:/opt/ros2/humble/install/launch_yaml:/opt/ros2/humble/install/launch_xml:/opt/ros2/humble/install/launch:/opt/ros2/humble/install/osrf_pycommon:/opt/ros2/humble/install/launch_testing_examples:/opt/ros2/humble/install/domain_coordinator:/opt/ros2/humble/install/ament_xmllint:/opt/ros2/humble/install/ament_pyflakes:/opt/ros2/humble/install/ament_pycodestyle:/opt/ros2/humble/install/ament_pep257:/opt/ros2/humble/install/ament_pclint:/opt/ros2/humble/install/ament_package:/opt/ros2/humble/install/ament_mypy:/opt/ros2/humble/install/ament_lint_cmake:/opt/ros2/humble/install/ament_flake8:/opt/ros2/humble/install/ament_copyright:/opt/ros2/humble/install/ament_lint:/opt/ros2/humble/install/ament_index_python:/opt/ros2/humble/install/ament_cpplint:/opt/ros2/humble/install/ament_cppcheck:/opt/ros2/humble/install/ament_clang_tidy:/opt/ros2/humble/install/ament_clang_format LD_LIBRARY_PATH=/home/olive/workspace2/install/apriltag_msgs/lib:${LD_LIBRARY_PATH} PYTHONPATH=/home/olive/workspace2/install/apriltag_msgs/lib/python3.9/site-packages:${PYTHONPATH} /usr/bin/cmake --build /home/olive/workspace2/build/apriltag_detector -- -j2 -l2
[1.784s] -- Found ament_cmake: 1.3.2 (/opt/ros2/humble/install/ament_cmake/share/ament_cmake/cmake)
[9.326s] -- Found ament_cmake_ros: 0.10.0 (/opt/ros2/humble/install/ament_cmake_ros/share/ament_cmake_ros/cmake)
[9.448s] CMake Warning at /home/olive/opencv/opencv/build/OpenCVConfig.cmake:116 (message):
[9.450s]   OpenCV: Include directory doesn't exist:
[9.451s]   '/home/olive/opencv_install/opencv-4.x/build'.  OpenCV installation may be
[9.453s]   broken.  Skip...
[9.461s] Call Stack (most recent call first):
[9.470s]   cmake/ROS2.cmake:23 (find_package)
[9.472s]   CMakeLists.txt:21 (include)
[9.474s] 
[9.476s] 
[9.478s] CMake Warning at /home/olive/opencv/opencv/build/OpenCVConfig.cmake:116 (message):
[9.480s]   OpenCV: Include directory doesn't exist:
[9.482s]   '/home/olive/opencv_install/opencv-4.x/include'.  OpenCV installation may
[9.483s]   be broken.  Skip...
[9.486s] Call Stack (most recent call first):
[9.488s]   cmake/ROS2.cmake:23 (find_package)
[9.489s]   CMakeLists.txt:21 (include)
[9.491s] 
[9.493s] 
[9.496s] CMake Warning at /home/olive/opencv/opencv/build/OpenCVConfig.cmake:116 (message):
[9.498s]   OpenCV: Include directory doesn't exist:
[9.503s]   '/home/olive/opencv_install/opencv-4.x/modules/core/include'.  OpenCV
[9.506s]   installation may be broken.  Skip...
[9.508s] Call Stack (most recent call first):
[9.510s]   cmake/ROS2.cmake:23 (find_package)
[9.513s]   CMakeLists.txt:21 (include)
[9.515s] 
[9.517s] 
[9.519s] CMake Warning at /home/olive/opencv/opencv/build/OpenCVConfig.cmake:116 (message):
[9.521s]   OpenCV: Include directory doesn't exist:
[9.523s]   '/home/olive/opencv_install/opencv-4.x/modules/flann/include'.  OpenCV
[9.526s]   installation may be broken.  Skip...
[9.528s] Call Stack (most recent call first):
[9.530s]   cmake/ROS2.cmake:23 (find_package)
[9.532s]   CMakeLists.txt:21 (include)
[9.538s] 
[9.540s] 
[9.542s] CMake Warning at /home/olive/opencv/opencv/build/OpenCVConfig.cmake:116 (message):
[9.544s]   OpenCV: Include directory doesn't exist:
[9.547s]   '/home/olive/opencv_install/opencv-4.x/modules/imgproc/include'.  OpenCV
[9.549s]   installation may be broken.  Skip...
[9.551s] Call Stack (most recent call first):
[9.553s]   cmake/ROS2.cmake:23 (find_package)
[9.555s]   CMakeLists.txt:21 (include)
[9.557s] 
[9.559s] 
[9.561s] CMake Warning at /home/olive/opencv/opencv/build/OpenCVConfig.cmake:116 (message):
[9.563s]   OpenCV: Include directory doesn't exist:
[9.565s]   '/home/olive/opencv_install/opencv-4.x/modules/ml/include'.  OpenCV
[9.567s]   installation may be broken.  Skip...
[9.569s] Call Stack (most recent call first):
[9.572s]   cmake/ROS2.cmake:23 (find_package)
[9.574s]   CMakeLists.txt:21 (include)
[9.576s] 
[9.578s] 
[9.580s] CMake Warning at /home/olive/opencv/opencv/build/OpenCVConfig.cmake:116 (message):
[9.582s]   OpenCV: Include directory doesn't exist:
[9.584s]   '/home/olive/opencv_install/opencv-4.x/modules/photo/include'.  OpenCV
[9.586s]   installation may be broken.  Skip...
[9.589s] Call Stack (most recent call first):
[9.591s]   cmake/ROS2.cmake:23 (find_package)
[9.593s]   CMakeLists.txt:21 (include)
[9.595s] 
[9.597s] 
[9.599s] CMake Warning at /home/olive/opencv/opencv/build/OpenCVConfig.cmake:116 (message):
[9.605s]   OpenCV: Include directory doesn't exist:
[9.607s]   '/home/olive/opencv_install/opencv-4.x/modules/dnn/include'.  OpenCV
[9.609s]   installation may be broken.  Skip...
[9.611s] Call Stack (most recent call first):
[9.613s]   cmake/ROS2.cmake:23 (find_package)
[9.615s]   CMakeLists.txt:21 (include)
[9.617s] 
[9.619s] 
[9.621s] CMake Warning at /home/olive/opencv/opencv/build/OpenCVConfig.cmake:116 (message):
[9.623s]   OpenCV: Include directory doesn't exist:
[9.625s]   '/home/olive/opencv_install/opencv-4.x/modules/features2d/include'.  OpenCV
[9.627s]   installation may be broken.  Skip...
[9.629s] Call Stack (most recent call first):
[9.632s]   cmake/ROS2.cmake:23 (find_package)
[9.634s]   CMakeLists.txt:21 (include)
[9.636s] 
[9.642s] 
[9.645s] CMake Warning at /home/olive/opencv/opencv/build/OpenCVConfig.cmake:116 (message):
[9.647s]   OpenCV: Include directory doesn't exist:
[9.649s]   '/home/olive/opencv_install/opencv-4.x/modules/imgcodecs/include'.  OpenCV
[9.651s]   installation may be broken.  Skip...
[9.653s] Call Stack (most recent call first):
[9.655s]   cmake/ROS2.cmake:23 (find_package)
[9.657s]   CMakeLists.txt:21 (include)
[9.659s] 
[9.661s] 
[9.663s] CMake Warning at /home/olive/opencv/opencv/build/OpenCVConfig.cmake:116 (message):
[9.666s]   OpenCV: Include directory doesn't exist:
[9.668s]   '/home/olive/opencv_install/opencv-4.x/modules/videoio/include'.  OpenCV
[9.670s]   installation may be broken.  Skip...
[9.672s] Call Stack (most recent call first):
[9.674s]   cmake/ROS2.cmake:23 (find_package)
[9.676s]   CMakeLists.txt:21 (include)
[9.678s] 
[9.680s] 
[9.682s] CMake Warning at /home/olive/opencv/opencv/build/OpenCVConfig.cmake:116 (message):
[9.685s]   OpenCV: Include directory doesn't exist:
[9.687s]   '/home/olive/opencv_install/opencv-4.x/modules/calib3d/include'.  OpenCV
[9.689s]   installation may be broken.  Skip...
[9.691s] Call Stack (most recent call first):
[9.693s]   cmake/ROS2.cmake:23 (find_package)
[9.696s]   CMakeLists.txt:21 (include)
[9.698s] 
[9.700s] 
[9.705s] CMake Warning at /home/olive/opencv/opencv/build/OpenCVConfig.cmake:116 (message):
[9.707s]   OpenCV: Include directory doesn't exist:
[9.709s]   '/home/olive/opencv_install/opencv-4.x/modules/highgui/include'.  OpenCV
[9.711s]   installation may be broken.  Skip...
[9.713s] Call Stack (most recent call first):
[9.716s]   cmake/ROS2.cmake:23 (find_package)
[9.718s]   CMakeLists.txt:21 (include)
[9.720s] 
[9.722s] 
[9.724s] CMake Warning at /home/olive/opencv/opencv/build/OpenCVConfig.cmake:116 (message):
[9.726s]   OpenCV: Include directory doesn't exist:
[9.728s]   '/home/olive/opencv_install/opencv-4.x/modules/objdetect/include'.  OpenCV
[9.730s]   installation may be broken.  Skip...
[9.732s] Call Stack (most recent call first):
[9.735s]   cmake/ROS2.cmake:23 (find_package)
[9.737s]   CMakeLists.txt:21 (include)
[9.739s] 
[9.741s] 
[9.747s] CMake Warning at /home/olive/opencv/opencv/build/OpenCVConfig.cmake:116 (message):
[9.749s]   OpenCV: Include directory doesn't exist:
[9.751s]   '/home/olive/opencv_install/opencv-4.x/modules/stitching/include'.  OpenCV
[9.754s]   installation may be broken.  Skip...
[9.756s] Call Stack (most recent call first):
[9.758s]   cmake/ROS2.cmake:23 (find_package)
[9.760s]   CMakeLists.txt:21 (include)
[9.762s] 
[9.764s] 
[9.766s] CMake Warning at /home/olive/opencv/opencv/build/OpenCVConfig.cmake:116 (message):
[9.768s]   OpenCV: Include directory doesn't exist:
[9.770s]   '/home/olive/opencv_install/opencv-4.x/modules/ts/include'.  OpenCV
[9.772s]   installation may be broken.  Skip...
[9.775s] Call Stack (most recent call first):
[9.777s]   cmake/ROS2.cmake:23 (find_package)
[9.779s]   CMakeLists.txt:21 (include)
[9.781s] 
[9.783s] 
[9.785s] CMake Warning at /home/olive/opencv/opencv/build/OpenCVConfig.cmake:116 (message):
[9.788s]   OpenCV: Include directory doesn't exist:
[9.790s]   '/home/olive/opencv_install/opencv-4.x/modules/video/include'.  OpenCV
[9.792s]   installation may be broken.  Skip...
[9.794s] Call Stack (most recent call first):
[9.796s]   cmake/ROS2.cmake:23 (find_package)
[9.798s]   CMakeLists.txt:21 (include)
[9.800s] 
[9.805s] 
[9.807s] -- Found OpenCV: /home/olive/opencv/opencv/build (found version "4.8.0") found components: core imgproc 
[9.809s] -- Found rclcpp: 16.0.1 (/opt/ros2/humble/install/rclcpp/share/rclcpp/cmake)
[10.410s] -- Found rosidl_generator_c: 3.1.3 (/opt/ros2/humble/install/rosidl_generator_c/share/rosidl_generator_c/cmake)
[10.489s] -- Found rosidl_adapter: 3.1.3 (/opt/ros2/humble/install/rosidl_adapter/share/rosidl_adapter/cmake)
[10.658s] -- Found rosidl_generator_cpp: 3.1.3 (/opt/ros2/humble/install/rosidl_generator_cpp/share/rosidl_generator_cpp/cmake)
[11.702s] -- Using all available rosidl_typesupport_c: rosidl_typesupport_introspection_c;rosidl_typesupport_fastrtps_c
[12.956s] -- Using all available rosidl_typesupport_cpp: rosidl_typesupport_introspection_cpp;rosidl_typesupport_fastrtps_cpp
[15.629s] -- Found rmw_implementation_cmake: 6.1.0 (/opt/ros2/humble/install/rmw_implementation_cmake/share/rmw_implementation_cmake/cmake)
[16.391s] -- Found rmw_fastrtps_cpp: 6.2.1 (/opt/ros2/humble/install/rmw_fastrtps_cpp/share/rmw_fastrtps_cpp/cmake)
[21.036s] -- Using RMW implementation 'rmw_fastrtps_cpp' as default
[26.027s] -- Found rclcpp_components: 16.0.1 (/opt/ros2/humble/install/rclcpp_components/share/rclcpp_components/cmake)
[27.819s] -- Found image_transport: 3.1.4 (/opt/ros2/humble/install/image_transport/share/image_transport/cmake)
[32.743s] -- Found cv_bridge: 3.2.1 (/home/olive/workspace2/install/cv_bridge/share/cv_bridge/cmake)
[32.902s] -- Found apriltag_msgs: 2.0.1 (/home/olive/workspace2/install/apriltag_msgs/share/apriltag_msgs/cmake)
[36.493s] -- Found ament_cmake_copyright: 0.12.4 (/opt/ros2/humble/install/ament_cmake_copyright/share/ament_cmake_copyright/cmake)
[36.504s] -- Found ament_cmake_cppcheck: 0.12.4 (/opt/ros2/humble/install/ament_cmake_cppcheck/share/ament_cmake_cppcheck/cmake)
[36.516s] -- Found ament_cmake_cpplint: 0.12.4 (/opt/ros2/humble/install/ament_cmake_cpplint/share/ament_cmake_cpplint/cmake)
[36.528s] -- Found ament_cmake_clang_format: 0.12.4 (/opt/ros2/humble/install/ament_cmake_clang_format/share/ament_cmake_clang_format/cmake)
[36.539s] -- Found ament_cmake_flake8: 0.12.4 (/opt/ros2/humble/install/ament_cmake_flake8/share/ament_cmake_flake8/cmake)
[36.551s] -- Found ament_cmake_lint_cmake: 0.12.4 (/opt/ros2/humble/install/ament_cmake_lint_cmake/share/ament_cmake_lint_cmake/cmake)
[36.562s] -- Found ament_cmake_pep257: 0.12.4 (/opt/ros2/humble/install/ament_cmake_pep257/share/ament_cmake_pep257/cmake)
[36.573s] -- Found ament_cmake_xmllint: 0.12.4 (/opt/ros2/humble/install/ament_cmake_xmllint/share/ament_cmake_xmllint/cmake)
[40.211s] -- Configuring done
[41.116s] -- Generating done
[41.168s] -- Build files have been written to: /home/olive/workspace2/build/apriltag_detector
[42.081s] [35m[1mScanning dependencies of target detector_wrapper[0m
[42.279s] gmake[2]: Warning: File '/opt/ros2/humble/install/builtin_interfaces/include/builtin_interfaces/builtin_interfaces/msg/detail/time__struct.hpp' has modification time 8940195 s in the future
[42.640s] [ 11%] [32mBuilding CXX object CMakeFiles/detector_wrapper.dir/src/detector_wrapper.cpp.o[0m
[42.680s] [ 22%] [32mBuilding CXX object CMakeFiles/detector_wrapper.dir/src/detector_wrapper_base.cpp.o[0m
[44.659s] [01m[K/home/olive/workspace2/src/apriltag_detector/src/detector_wrapper_base.cpp:27:10:[m[K [01;31m[Kfatal error: [m[Kopencv2/core/core.hpp: No such file or directory
[44.662s]    27 | #include [01;31m[K<opencv2/core/core.hpp>[m[K
[44.665s]       |          [01;31m[K^~~~~~~~~~~~~~~~~~~~~~~[m[K
[44.676s] compilation terminated.
[44.720s] gmake[2]: *** [CMakeFiles/detector_wrapper.dir/build.make:95: CMakeFiles/detector_wrapper.dir/src/detector_wrapper_base.cpp.o] Error 1
[44.723s] gmake[2]: *** Waiting for unfinished jobs....
[44.913s] In file included from [01m[K/home/olive/workspace2/src/apriltag_detector/src/detector_wrapper.cpp:17[m[K:
[44.916s] [01m[K/home/olive/workspace2/src/apriltag_detector/include/apriltag_detector/detector_wrapper.hpp:21:10:[m[K [01;31m[Kfatal error: [m[Kopencv2/core/core.hpp: No such file or directory
[44.918s]    21 | #include [01;31m[K<opencv2/core/core.hpp>[m[K
[44.919s]       |          [01;31m[K^~~~~~~~~~~~~~~~~~~~~~~[m[K
[44.922s] compilation terminated.
[44.976s] gmake[2]: *** [CMakeFiles/detector_wrapper.dir/build.make:82: CMakeFiles/detector_wrapper.dir/src/detector_wrapper.cpp.o] Error 1
[44.979s] gmake[1]: *** [CMakeFiles/Makefile2:156: CMakeFiles/detector_wrapper.dir/all] Error 2
[44.981s] gmake: *** [Makefile:160: all] Error 2
[45.015s] Invoked command in '/home/olive/workspace2/build/apriltag_detector' returned '2': AMENT_PREFIX_PATH=/home/olive/workspace2/install/apriltag_msgs:${AMENT_PREFIX_PATH} CMAKE_PREFIX_PATH=/home/olive/workspace2/install/apriltag_msgs:/home/olive/workspace2/install/image_publisher:/home/olive/workspace2/install/image_geometry:/home/olive/workspace2/install/cv_bridge:/opt/ros2/humble/install/image_publisher:/opt/ros2/humble/install/image_geometry:/opt/ros2/humble/install/cv_bridge:/opt/olive/packages/install/position_control:/opt/olive/packages/install/olive_dcm:/opt/ros2/humble/install/rosbag2:/opt/ros2/humble/install/rosbag2_compression_zstd:/opt/ros2/humble/install/zstd_vendor:/opt/ros2/humble/install/rviz_visual_testing_framework:/opt/ros2/humble/install/rviz2:/opt/ros2/humble/install/rviz_default_plugins:/opt/ros2/humble/install/rviz_common:/opt/ros2/humble/install/rosbag2_py:/opt/ros2/humble/install/rosbag2_transport:/opt/ros2/humble/install/rosbag2_performance_benchmarking:/opt/ros2/humble/install/rosbag2_compression:/opt/ros2/humble/install/rosbag2_cpp:/opt/ros2/humble/install/rosbag2_storage_default_plugins:/opt/ros2/humble/install/rosbag2_storage:/opt/ros2/humble/install/image_common:/opt/ros2/humble/install/camera_info_manager:/opt/ros2/humble/install/camera_calibration_parsers:/opt/ros2/humble/install/yaml_cpp_vendor:/opt/ros2/humble/install/interactive_markers:/opt/ros2/humble/install/common_interfaces:/opt/ros2/humble/install/visualization_msgs:/opt/ros2/humble/install/dummy_robot_bringup:/opt/ros2/humble/install/robot_state_publisher:/opt/ros2/humble/install/kdl_parser:/opt/ros2/humble/install/urdf:/opt/ros2/humble/install/urdfdom:/opt/ros2/humble/install/urdf_parser_plugin:/opt/ros2/humble/install/urdfdom_headers:/opt/ros2/humble/install/turtlesim:/opt/ros2/humble/install/geometry2:/opt/ros2/humble/install/tf2_sensor_msgs:/opt/ros2/humble/install/test_tf2:/opt/ros2/humble/install/tf2_kdl:/opt/ros2/humble/install/tf2_geometry_msgs:/opt/ros2/humble/install/tf2_eigen:/opt/ros2/humble/install/tf2_bullet:/opt/ros2/humble/install/tf2_ros:/opt/ros2/humble/install/tf2_py:/opt/ros2/humble/install/tf2_msgs:/opt/ros2/humble/install/test_msgs:/opt/ros2/humble/install/sros2_cmake:/opt/ros2/humble/install/ros2cli_common_extensions:/opt/ros2/humble/install/rqt_py_common:/opt/ros2/humble/install/ros_testing:/opt/ros2/humble/install/ros2cli_test_interfaces:/opt/ros2/humble/install/quality_of_service_demo_cpp:/opt/ros2/humble/install/image_transport:/opt/ros2/humble/install/message_filters:/opt/ros2/humble/install/demo_nodes_cpp:/opt/ros2/humble/install/composition:/opt/ros2/humble/install/laser_geometry:/opt/ros2/humble/install/rclpy:/opt/ros2/humble/install/examples_rclcpp_minimal_action_server:/opt/ros2/humble/install/examples_rclcpp_minimal_action_client:/opt/ros2/humble/install/action_tutorials_cpp:/opt/ros2/humble/install/rclcpp_action:/opt/ros2/humble/install/rcl_action:/opt/ros2/humble/install/examples_rclcpp_wait_set:/opt/ros2/humble/install/examples_rclcpp_minimal_service:/opt/ros2/humble/install/examples_rclcpp_minimal_client:/opt/ros2/humble/install/examples_rclcpp_async_client:/opt/ros2/humble/install/example_interfaces:/opt/ros2/humble/install/action_tutorials_interfaces:/opt/ros2/humble/install/action_msgs:/opt/ros2/humble/install/unique_identifier_msgs:/opt/ros2/humble/install/ament_lint_common:/opt/ros2/humble/install/ament_cmake_uncrustify:/opt/ros2/humble/install/uncrustify_vendor:/opt/ros2/humble/install/trajectory_msgs:/opt/ros2/humble/install/topic_statistics_demo:/opt/ros2/humble/install/pendulum_control:/opt/ros2/humble/install/tlsf_cpp:/opt/ros2/humble/install/test_tracetools:/opt/ros2/humble/install/rqt_gui_cpp:/opt/ros2/humble/install/rosbag2_test_common:/opt/ros2/humble/install/ros2lifecycle_test_fixtures:/opt/ros2/humble/install/lifecycle:/opt/ros2/humble/install/rclcpp_lifecycle:/opt/ros2/humble/install/logging_demo:/opt/ros2/humble/install/image_tools:/opt/ros2/humble/install/examples_rclcpp_minimal_subscriber:/opt/ros2/humble/install/examples_rclcpp_minimal_composition:/opt/ros2/humble/install/demo_nodes_cpp_native:/opt/ros2/humble/install/rclcpp_components:/opt/ros2/humble/install/intra_process_demo:/opt/ros2/humble/install/examples_rclcpp_multithreaded_executor:/opt/ros2/humble/install/examples_rclcpp_minimal_timer:/opt/ros2/humble/install/examples_rclcpp_minimal_publisher:/opt/ros2/humble/install/examples_rclcpp_cbg_executor:/opt/ros2/humble/install/dummy_sensors:/opt/ros2/humble/install/dummy_map_server:/opt/ros2/humble/install/rclcpp:/opt/ros2/humble/install/rcl_lifecycle:/opt/ros2/humble/install/libstatistics_collector:/opt/ros2/humble/install/rcl:/opt/ros2/humble/install/rmw_implementation:/opt/ros2/humble/install/rmw_fastrtps_dynamic_cpp:/opt/ros2/humble/install/rmw_fastrtps_cpp:/opt/ros2/humble/install/rmw_fastrtps_shared_cpp:/opt/ros2/humble/install/rmw_cyclonedds_cpp:/opt/ros2/humble/install/tracetools:/opt/ros2/humble/install/tlsf:/opt/ros2/humble/install/tinyxml_vendor:/opt/ros2/humble/install/qt_gui_core:/opt/ros2/humble/install/qt_gui_cpp:/opt/ros2/humble/install/pluginlib:/opt/ros2/humble/install/tinyxml2_vendor:/opt/ros2/humble/install/tf2_eigen_kdl:/opt/ros2/humble/install/tf2:/opt/ros2/humble/install/test_security:/opt/ros2/humble/install/test_rmw_implementation:/opt/ros2/humble/install/test_rclcpp:/opt/ros2/humble/install/test_quality_of_service:/opt/ros2/humble/install/test_launch_testing:/opt/ros2/humble/install/test_interface_files:/opt/ros2/humble/install/test_communication:/opt/ros2/humble/install/test_cli_remapping:/opt/ros2/humble/install/test_cli:/opt/ros2/humble/install/qt_gui_app:/opt/ros2/humble/install/qt_gui:/opt/ros2/humble/install/tango_icons_vendor:/opt/ros2/humble/install/stereo_msgs:/opt/ros2/humble/install/std_srvs:/opt/ros2/humble/install/shape_msgs:/opt/ros2/humble/install/map_msgs:/opt/ros2/humble/install/sensor_msgs:/opt/ros2/humble/install/nav_msgs:/opt/ros2/humble/install/diagnostic_msgs:/opt/ros2/humble/install/geometry_msgs:/opt/ros2/humble/install/actionlib_msgs:/opt/ros2/humble/install/std_msgs:/opt/ros2/humble/install/statistics_msgs:/opt/ros2/humble/install/sqlite3_vendor:/opt/ros2/humble/install/rcl_logging_spdlog:/opt/ros2/humble/install/spdlog_vendor:/opt/ros2/humble/install/shared_queues_vendor:/opt/ros2/humble/install/rviz_rendering_tests:/opt/ros2/humble/install/rviz_rendering:/opt/ros2/humble/install/rviz_ogre_vendor:/opt/ros2/humble/install/rviz_assimp_vendor:/opt/ros2/humble/install/rttest:/opt/ros2/humble/install/rmw_connextddsmicro:/opt/ros2/humble/install/rmw_connextdds:/opt/ros2/humble/install/rmw_connextdds_common:/opt/ros2/humble/install/rti_connext_dds_cmake_module:/opt/ros2/humble/install/rosgraph_msgs:/opt/ros2/humble/install/rosbag2_interfaces:/opt/ros2/humble/install/rmw_dds_common:/opt/ros2/humble/install/composition_interfaces:/opt/ros2/humble/install/rcl_interfaces:/opt/ros2/humble/install/pendulum_msgs:/opt/ros2/humble/install/lifecycle_msgs:/opt/ros2/humble/install/builtin_interfaces:/opt/ros2/humble/install/rosidl_default_runtime:/opt/ros2/humble/install/rosidl_default_generators:/opt/ros2/humble/install/rosidl_generator_py:/opt/ros2/humble/install/rosidl_typesupport_introspection_tests:/opt/ros2/humble/install/rosidl_typesupport_cpp:/opt/ros2/humble/install/rosidl_typesupport_introspection_cpp:/opt/ros2/humble/install/rosidl_typesupport_c:/opt/ros2/humble/install/rosidl_typesupport_introspection_c:/opt/ros2/humble/install/rosidl_typesupport_fastrtps_c:/opt/ros2/humble/install/rosidl_typesupport_fastrtps_cpp:/opt/ros2/humble/install/rosidl_generator_cpp:/opt/ros2/humble/install/rosidl_runtime_cpp:/opt/ros2/humble/install/rcl_yaml_param_parser:/opt/ros2/humble/install/rmw:/opt/ros2/humble/install/rosidl_runtime_c:/opt/ros2/humble/install/rosidl_generator_c:/opt/ros2/humble/install/rosidl_typesupport_interface:/opt/ros2/humble/install/rosidl_generator_dds_idl:/opt/ros2/humble/install/rosidl_cmake:/opt/ros2/humble/install/rosidl_parser:/opt/ros2/humble/install/rosidl_adapter:/opt/ros2/humble/install/rosbag2_tests:/opt/ros2/humble/install/ros_environment:/opt/ros2/humble/install/rmw_implementation_cmake:/opt/ros2/humble/install/resource_retriever:/opt/ros2/humble/install/class_loader:/opt/ros2/humble/install/rcpputils:/opt/ros2/humble/install/rcl_logging_noop:/opt/ros2/humble/install/rcl_logging_interface:/opt/ros2/humble/install/rcutils:/opt/ros2/humble/install/qt_gui_py_common:/opt/ros2/humble/install/qt_dotgraph:/opt/ros2/humble/install/python_qt_binding:/opt/ros2/humble/install/python_orocos_kdl_vendor:/opt/ros2/humble/install/launch_testing_ament_cmake:/opt/ros2/humble/install/python_cmake_module:/opt/ros2/humble/install/pybind11_vendor:/opt/ros2/humble/install/performance_test_fixture:/opt/ros2/humble/install/osrf_testing_tools_cpp:/opt/ros2/humble/install/orocos_kdl_vendor:/opt/ros2/humble/install/mimick_vendor:/opt/ros2/humble/install/libyaml_vendor:/opt/ros2/humble/install/libcurl_vendor:/opt/ros2/humble/install/keyboard_handler:/opt/ros2/humble/install/cyclonedds:/opt/ros2/humble/install/iceoryx_posh:/opt/ros2/humble/install/iceoryx_hoofs:/opt/ros2/humble/install/iceoryx_binding_c:/opt/ros2/humble/install/ament_cmake_ros:/opt/ros2/humble/install/ament_cmake_gmock:/opt/ros2/humble/install/gmock_vendor:/opt/ros2/humble/install/ament_cmake_auto:/opt/ros2/humble/install/ament_cmake_gtest:/opt/ros2/humble/install/gtest_vendor:/opt/ros2/humble/install/ament_cmake_google_benchmark:/opt/ros2/humble/install/google_benchmark_vendor:/opt/ros2/humble/install/fastrtps:/opt/ros2/humble/install/foonathan_memory_vendor:/opt/ros2/humble/install/fastrtps_cmake_module:/opt/ros2/humble/install/fastcdr:/opt/ros2/humble/install/eigen3_cmake_module:/opt/ros2/humble/install/console_bridge_vendor:/opt/ros2/humble/install/ament_cmake_xmllint:/opt/ros2/humble/install/ament_cmake_pyflakes:/opt/ros2/humble/install/ament_cmake_pycodestyle:/opt/ros2/humble/install/ament_cmake_pep257:/opt/ros2/humble/install/ament_cmake_pclint:/opt/ros2/humble/install/ament_lint_auto:/opt/ros2/humble/install/ament_cmake:/opt/ros2/humble/install/ament_cmake_version:/opt/ros2/humble/install/ament_cmake_pytest:/opt/ros2/humble/install/ament_cmake_nose:/opt/ros2/humble/install/ament_cmake_mypy:/opt/ros2/humble/install/ament_cmake_lint_cmake:/opt/ros2/humble/install/ament_cmake_flake8:/opt/ros2/humble/install/ament_cmake_cpplint:/opt/ros2/humble/install/ament_cmake_cppcheck:/opt/ros2/humble/install/ament_cmake_copyright:/opt/ros2/humble/install/ament_cmake_clang_tidy:/opt/ros2/humble/install/ament_cmake_clang_format:/opt/ros2/humble/install/ament_cmake_test:/opt/ros2/humble/install/ament_cmake_target_dependencies:/opt/ros2/humble/install/ament_cmake_python:/opt/ros2/humble/install/ament_cmake_export_dependencies:/opt/ros2/humble/install/ament_cmake_libraries:/opt/ros2/humble/install/ament_cmake_include_directories:/opt/ros2/humble/install/ament_cmake_gen_version_h:/opt/ros2/humble/install/ament_cmake_export_targets:/opt/ros2/humble/install/ament_cmake_export_link_flags:/opt/ros2/humble/install/ament_cmake_export_interfaces:/opt/ros2/humble/install/ament_cmake_export_libraries:/opt/ros2/humble/install/ament_cmake_export_include_directories:/opt/ros2/humble/install/ament_cmake_export_definitions:/opt/ros2/humble/install/ament_cmake_core:/opt/ros2/humble/install/ament_index_cpp:/home/olive/examples/install/shake_detector:/opt/ros2/humble/install/rqt_bag_plugins:/opt/ros2/humble/install/rqt_bag:/opt/ros2/humble/install/ros2bag:/opt/ros2/humble/install/tracetools_test:/opt/ros2/humble/install/tracetools_launch:/opt/ros2/humble/install/topic_monitor:/opt/ros2/humble/install/tf2_tools:/opt/ros2/humble/install/examples_tf2_py:/opt/ros2/humble/install/tf2_ros_py:/opt/ros2/humble/install/sros2:/opt/ros2/humble/install/rqt_topic:/opt/ros2/humble/install/rqt_srv:/opt/ros2/humble/install/rqt_shell:/opt/ros2/humble/install/rqt_service_caller:/opt/ros2/humble/install/rqt_reconfigure:/opt/ros2/humble/install/rqt_py_console:/opt/ros2/humble/install/rqt_publisher:/opt/ros2/humble/install/rqt_plot:/opt/ros2/humble/install/rqt_action:/opt/ros2/humble/install/rqt_msg:/opt/ros2/humble/install/rqt_console:/opt/ros2/humble/install/rqt:/opt/ros2/humble/install/rqt_graph:/opt/ros2/humble/install/rqt_gui_py:/opt/ros2/humble/install/rqt_gui:/opt/ros2/humble/install/ros2trace:/opt/ros2/humble/install/ros2topic:/opt/ros2/humble/install/ros2test:/opt/ros2/humble/install/ros2component:/opt/ros2/humble/install/ros2param:/opt/ros2/humble/install/ros2lifecycle:/opt/ros2/humble/install/ros2service:/opt/ros2/humble/install/ros2run:/opt/ros2/humble/install/ros2launch:/opt/ros2/humble/install/ros2pkg:/opt/ros2/humble/install/ros2node:/opt/ros2/humble/install/ros2multicast:/opt/ros2/humble/install/ros2interface:/opt/ros2/humble/install/ros2doctor:/opt/ros2/humble/install/ros2action:/opt/ros2/humble/install/ros2cli:/opt/ros2/humble/install/quality_of_service_demo_py:/opt/ros2/humble/install/lifecycle_py:/opt/ros2/humble/install/launch_testing_ros:/opt/ros2/humble/install/launch_ros:/opt/ros2/humble/install/examples_rclpy_pointcloud_publisher:/opt/ros2/humble/install/examples_rclpy_minimal_subscriber:/opt/ros2/humble/install/examples_rclpy_minimal_service:/opt/ros2/humble/install/examples_rclpy_minimal_publisher:/opt/ros2/humble/install/examples_rclpy_minimal_client:/opt/ros2/humble/install/examples_rclpy_minimal_action_server:/opt/ros2/humble/install/examples_rclpy_minimal_action_client:/opt/ros2/humble/install/examples_rclpy_guard_conditions:/opt/ros2/humble/install/examples_rclpy_executors:/opt/ros2/humble/install/demo_nodes_py:/opt/ros2/humble/install/action_tutorials_py:/opt/ros2/humble/install/ament_uncrustify:/opt/ros2/humble/install/tracetools_trace:/opt/ros2/humble/install/tracetools_read:/opt/ros2/humble/install/test_tracetools_launch:/opt/ros2/humble/install/test_launch_ros:/opt/ros2/humble/install/sensor_msgs_py:/opt/ros2/humble/install/rpyutils:/opt/ros2/humble/install/rosidl_runtime_py:/opt/ros2/humble/install/rosidl_cli:/opt/ros2/humble/install/launch_pytest:/opt/ros2/humble/install/launch_testing:/opt/ros2/humble/install/launch_yaml:/opt/ros2/humble/install/launch_xml:/opt/ros2/humble/install/launch:/opt/ros2/humble/install/osrf_pycommon:/opt/ros2/humble/install/launch_testing_examples:/opt/ros2/humble/install/domain_coordinator:/opt/ros2/humble/install/ament_xmllint:/opt/ros2/humble/install/ament_pyflakes:/opt/ros2/humble/install/ament_pycodestyle:/opt/ros2/humble/install/ament_pep257:/opt/ros2/humble/install/ament_pclint:/opt/ros2/humble/install/ament_package:/opt/ros2/humble/install/ament_mypy:/opt/ros2/humble/install/ament_lint_cmake:/opt/ros2/humble/install/ament_flake8:/opt/ros2/humble/install/ament_copyright:/opt/ros2/humble/install/ament_lint:/opt/ros2/humble/install/ament_index_python:/opt/ros2/humble/install/ament_cpplint:/opt/ros2/humble/install/ament_cppcheck:/opt/ros2/humble/install/ament_clang_tidy:/opt/ros2/humble/install/ament_clang_format LD_LIBRARY_PATH=/home/olive/workspace2/install/apriltag_msgs/lib:${LD_LIBRARY_PATH} PYTHONPATH=/home/olive/workspace2/install/apriltag_msgs/lib/python3.9/site-packages:${PYTHONPATH} /usr/bin/cmake --build /home/olive/workspace2/build/apriltag_detector -- -j2 -l2
