[0.903s] Invoking command in '/home/olive/workspace2/build/apriltag_detector': CMAKE_PREFIX_PATH=${CMAKE_PREFIX_PATH}:/home/olive/examples/install/shake_detector:/opt/ros2/humble/install/rqt_bag_plugins:/opt/ros2/humble/install/rqt_bag:/opt/ros2/humble/install/ros2bag:/opt/ros2/humble/install/tracetools_test:/opt/ros2/humble/install/tracetools_launch:/opt/ros2/humble/install/topic_monitor:/opt/ros2/humble/install/tf2_tools:/opt/ros2/humble/install/examples_tf2_py:/opt/ros2/humble/install/tf2_ros_py:/opt/ros2/humble/install/sros2:/opt/ros2/humble/install/rqt_topic:/opt/ros2/humble/install/rqt_srv:/opt/ros2/humble/install/rqt_shell:/opt/ros2/humble/install/rqt_service_caller:/opt/ros2/humble/install/rqt_reconfigure:/opt/ros2/humble/install/rqt_py_console:/opt/ros2/humble/install/rqt_publisher:/opt/ros2/humble/install/rqt_plot:/opt/ros2/humble/install/rqt_action:/opt/ros2/humble/install/rqt_msg:/opt/ros2/humble/install/rqt_console:/opt/ros2/humble/install/rqt:/opt/ros2/humble/install/rqt_graph:/opt/ros2/humble/install/rqt_gui_py:/opt/ros2/humble/install/rqt_gui:/opt/ros2/humble/install/ros2trace:/opt/ros2/humble/install/ros2topic:/opt/ros2/humble/install/ros2test:/opt/ros2/humble/install/ros2component:/opt/ros2/humble/install/ros2param:/opt/ros2/humble/install/ros2lifecycle:/opt/ros2/humble/install/ros2service:/opt/ros2/humble/install/ros2run:/opt/ros2/humble/install/ros2launch:/opt/ros2/humble/install/ros2pkg:/opt/ros2/humble/install/ros2node:/opt/ros2/humble/install/ros2multicast:/opt/ros2/humble/install/ros2interface:/opt/ros2/humble/install/ros2doctor:/opt/ros2/humble/install/ros2action:/opt/ros2/humble/install/ros2cli:/opt/ros2/humble/install/quality_of_service_demo_py:/opt/ros2/humble/install/lifecycle_py:/opt/ros2/humble/install/launch_testing_ros:/opt/ros2/humble/install/launch_ros:/opt/ros2/humble/install/examples_rclpy_pointcloud_publisher:/opt/ros2/humble/install/examples_rclpy_minimal_subscriber:/opt/ros2/humble/install/examples_rclpy_minimal_service:/opt/ros2/humble/install/examples_rclpy_minimal_publisher:/opt/ros2/humble/install/examples_rclpy_minimal_client:/opt/ros2/humble/install/examples_rclpy_minimal_action_server:/opt/ros2/humble/install/examples_rclpy_minimal_action_client:/opt/ros2/humble/install/examples_rclpy_guard_conditions:/opt/ros2/humble/install/examples_rclpy_executors:/opt/ros2/humble/install/demo_nodes_py:/opt/ros2/humble/install/action_tutorials_py:/opt/ros2/humble/install/ament_uncrustify:/opt/ros2/humble/install/tracetools_trace:/opt/ros2/humble/install/tracetools_read:/opt/ros2/humble/install/test_tracetools_launch:/opt/ros2/humble/install/test_launch_ros:/opt/ros2/humble/install/sensor_msgs_py:/opt/ros2/humble/install/rpyutils:/opt/ros2/humble/install/rosidl_runtime_py:/opt/ros2/humble/install/rosidl_cli:/opt/ros2/humble/install/launch_pytest:/opt/ros2/humble/install/launch_testing:/opt/ros2/humble/install/launch_yaml:/opt/ros2/humble/install/launch_xml:/opt/ros2/humble/install/launch:/opt/ros2/humble/install/osrf_pycommon:/opt/ros2/humble/install/launch_testing_examples:/opt/ros2/humble/install/domain_coordinator:/opt/ros2/humble/install/ament_xmllint:/opt/ros2/humble/install/ament_pyflakes:/opt/ros2/humble/install/ament_pycodestyle:/opt/ros2/humble/install/ament_pep257:/opt/ros2/humble/install/ament_pclint:/opt/ros2/humble/install/ament_package:/opt/ros2/humble/install/ament_mypy:/opt/ros2/humble/install/ament_lint_cmake:/opt/ros2/humble/install/ament_flake8:/opt/ros2/humble/install/ament_copyright:/opt/ros2/humble/install/ament_lint:/opt/ros2/humble/install/ament_index_python:/opt/ros2/humble/install/ament_cpplint:/opt/ros2/humble/install/ament_cppcheck:/opt/ros2/humble/install/ament_clang_tidy:/opt/ros2/humble/install/ament_clang_format /usr/bin/cmake /home/olive/workspace2/src/apriltag_detector -DCMAKE_INSTALL_PREFIX=/home/olive/workspace2/install/apriltag_detector
[2.855s] -- The C compiler identification is GNU 10.2.1
[5.302s] -- The CXX compiler identification is GNU 10.2.1
[5.757s] -- Detecting C compiler ABI info
[8.061s] -- Detecting C compiler ABI info - done
[8.293s] -- Check for working C compiler: /usr/bin/cc - skipped
[8.299s] -- Detecting C compile features
[8.305s] -- Detecting C compile features - done
[8.370s] -- Detecting CXX compiler ABI info
[10.834s] -- Detecting CXX compiler ABI info - done
[11.075s] -- Check for working CXX compiler: /usr/bin/c++ - skipped
[11.080s] -- Detecting CXX compile features
[11.091s] -- Detecting CXX compile features - done
[11.373s] -- Found ament_cmake: 1.3.2 (/opt/ros2/humble/install/ament_cmake/share/ament_cmake/cmake)
[22.069s] -- Found Python3: /usr/bin/python3.9 (found version "3.9.2") found components: Interpreter 
[29.732s] -- Found ament_cmake_ros: 0.10.0 (/opt/ros2/humble/install/ament_cmake_ros/share/ament_cmake_ros/cmake)
[30.979s] -- Looking for pthread.h
[33.323s] -- Looking for pthread.h - found
[33.328s] -- Performing Test CMAKE_HAVE_LIBC_PTHREAD
[35.710s] -- Performing Test CMAKE_HAVE_LIBC_PTHREAD - Failed
[35.714s] -- Looking for pthread_create in pthreads
[37.839s] -- Looking for pthread_create in pthreads - not found
[37.842s] -- Looking for pthread_create in pthread
[40.154s] -- Looking for pthread_create in pthread - found
[40.173s] -- Found Threads: TRUE  
[40.221s] CMake Warning at /home/olive/opencv/opencv/build/OpenCVConfig.cmake:116 (message):
[40.225s]   OpenCV: Include directory doesn't exist:
[40.229s]   '/home/olive/opencv_install/opencv-4.x/build'.  OpenCV installation may be
[40.232s]   broken.  Skip...
[40.236s] Call Stack (most recent call first):
[40.239s]   cmake/ROS2.cmake:23 (find_package)
[40.253s]   CMakeLists.txt:21 (include)
[40.255s] 
[40.257s] 
[40.275s] CMake Warning at /home/olive/opencv/opencv/build/OpenCVConfig.cmake:116 (message):
[40.277s]   OpenCV: Include directory doesn't exist:
[40.290s]   '/home/olive/opencv_install/opencv-4.x/include'.  OpenCV installation may
[40.293s]   be broken.  Skip...
[40.295s] Call Stack (most recent call first):
[40.298s]   cmake/ROS2.cmake:23 (find_package)
[40.310s]   CMakeLists.txt:21 (include)
[40.313s] 
[40.315s] 
[40.318s] CMake Warning at /home/olive/opencv/opencv/build/OpenCVConfig.cmake:116 (message):
[40.322s]   OpenCV: Include directory doesn't exist:
[40.324s]   '/home/olive/opencv_install/opencv-4.x/modules/core/include'.  OpenCV
[40.326s]   installation may be broken.  Skip...
[40.329s] Call Stack (most recent call first):
[40.331s]   cmake/ROS2.cmake:23 (find_package)
[40.333s]   CMakeLists.txt:21 (include)
[40.335s] 
[40.337s] 
[40.340s] CMake Warning at /home/olive/opencv/opencv/build/OpenCVConfig.cmake:116 (message):
[40.342s]   OpenCV: Include directory doesn't exist:
[40.346s]   '/home/olive/opencv_install/opencv-4.x/modules/flann/include'.  OpenCV
[40.348s]   installation may be broken.  Skip...
[40.350s] Call Stack (most recent call first):
[40.352s]   cmake/ROS2.cmake:23 (find_package)
[40.354s]   CMakeLists.txt:21 (include)
[40.356s] 
[40.359s] 
[40.361s] CMake Warning at /home/olive/opencv/opencv/build/OpenCVConfig.cmake:116 (message):
[40.363s]   OpenCV: Include directory doesn't exist:
[40.365s]   '/home/olive/opencv_install/opencv-4.x/modules/imgproc/include'.  OpenCV
[40.367s]   installation may be broken.  Skip...
[40.369s] Call Stack (most recent call first):
[40.371s]   cmake/ROS2.cmake:23 (find_package)
[40.373s]   CMakeLists.txt:21 (include)
[40.375s] 
[40.377s] 
[40.379s] CMake Warning at /home/olive/opencv/opencv/build/OpenCVConfig.cmake:116 (message):
[40.381s]   OpenCV: Include directory doesn't exist:
[40.383s]   '/home/olive/opencv_install/opencv-4.x/modules/ml/include'.  OpenCV
[40.385s]   installation may be broken.  Skip...
[40.387s] Call Stack (most recent call first):
[40.389s]   cmake/ROS2.cmake:23 (find_package)
[40.395s]   CMakeLists.txt:21 (include)
[40.397s] 
[40.399s] 
[40.401s] CMake Warning at /home/olive/opencv/opencv/build/OpenCVConfig.cmake:116 (message):
[40.403s]   OpenCV: Include directory doesn't exist:
[40.406s]   '/home/olive/opencv_install/opencv-4.x/modules/photo/include'.  OpenCV
[40.408s]   installation may be broken.  Skip...
[40.410s] Call Stack (most recent call first):
[40.412s]   cmake/ROS2.cmake:23 (find_package)
[40.414s]   CMakeLists.txt:21 (include)
[40.416s] 
[40.418s] 
[40.421s] CMake Warning at /home/olive/opencv/opencv/build/OpenCVConfig.cmake:116 (message):
[40.423s]   OpenCV: Include directory doesn't exist:
[40.424s]   '/home/olive/opencv_install/opencv-4.x/modules/dnn/include'.  OpenCV
[40.426s]   installation may be broken.  Skip...
[40.429s] Call Stack (most recent call first):
[40.431s]   cmake/ROS2.cmake:23 (find_package)
[40.433s]   CMakeLists.txt:21 (include)
[40.435s] 
[40.437s] 
[40.439s] CMake Warning at /home/olive/opencv/opencv/build/OpenCVConfig.cmake:116 (message):
[40.441s]   OpenCV: Include directory doesn't exist:
[40.443s]   '/home/olive/opencv_install/opencv-4.x/modules/features2d/include'.  OpenCV
[40.448s]   installation may be broken.  Skip...
[40.450s] Call Stack (most recent call first):
[40.452s]   cmake/ROS2.cmake:23 (find_package)
[40.454s]   CMakeLists.txt:21 (include)
[40.456s] 
[40.458s] 
[40.460s] CMake Warning at /home/olive/opencv/opencv/build/OpenCVConfig.cmake:116 (message):
[40.462s]   OpenCV: Include directory doesn't exist:
[40.464s]   '/home/olive/opencv_install/opencv-4.x/modules/imgcodecs/include'.  OpenCV
[40.466s]   installation may be broken.  Skip...
[40.468s] Call Stack (most recent call first):
[40.470s]   cmake/ROS2.cmake:23 (find_package)
[40.472s]   CMakeLists.txt:21 (include)
[40.474s] 
[40.476s] 
[40.479s] CMake Warning at /home/olive/opencv/opencv/build/OpenCVConfig.cmake:116 (message):
[40.481s]   OpenCV: Include directory doesn't exist:
[40.483s]   '/home/olive/opencv_install/opencv-4.x/modules/videoio/include'.  OpenCV
[40.485s]   installation may be broken.  Skip...
[40.487s] Call Stack (most recent call first):
[40.490s]   cmake/ROS2.cmake:23 (find_package)
[40.492s]   CMakeLists.txt:21 (include)
[40.499s] 
[40.501s] 
[40.503s] CMake Warning at /home/olive/opencv/opencv/build/OpenCVConfig.cmake:116 (message):
[40.505s]   OpenCV: Include directory doesn't exist:
[40.507s]   '/home/olive/opencv_install/opencv-4.x/modules/calib3d/include'.  OpenCV
[40.510s]   installation may be broken.  Skip...
[40.512s] Call Stack (most recent call first):
[40.514s]   cmake/ROS2.cmake:23 (find_package)
[40.516s]   CMakeLists.txt:21 (include)
[40.518s] 
[40.520s] 
[40.523s] CMake Warning at /home/olive/opencv/opencv/build/OpenCVConfig.cmake:116 (message):
[40.525s]   OpenCV: Include directory doesn't exist:
[40.527s]   '/home/olive/opencv_install/opencv-4.x/modules/highgui/include'.  OpenCV
[40.529s]   installation may be broken.  Skip...
[40.531s] Call Stack (most recent call first):
[40.533s]   cmake/ROS2.cmake:23 (find_package)
[40.535s]   CMakeLists.txt:21 (include)
[40.537s] 
[40.540s] 
[40.542s] CMake Warning at /home/olive/opencv/opencv/build/OpenCVConfig.cmake:116 (message):
[40.544s]   OpenCV: Include directory doesn't exist:
[40.549s]   '/home/olive/opencv_install/opencv-4.x/modules/objdetect/include'.  OpenCV
[40.551s]   installation may be broken.  Skip...
[40.553s] Call Stack (most recent call first):
[40.555s]   cmake/ROS2.cmake:23 (find_package)
[40.557s]   CMakeLists.txt:21 (include)
[40.559s] 
[40.561s] 
[40.563s] CMake Warning at /home/olive/opencv/opencv/build/OpenCVConfig.cmake:116 (message):
[40.565s]   OpenCV: Include directory doesn't exist:
[40.567s]   '/home/olive/opencv_install/opencv-4.x/modules/stitching/include'.  OpenCV
[40.569s]   installation may be broken.  Skip...
[40.571s] Call Stack (most recent call first):
[40.573s]   cmake/ROS2.cmake:23 (find_package)
[40.575s]   CMakeLists.txt:21 (include)
[40.577s] 
[40.579s] 
[40.581s] CMake Warning at /home/olive/opencv/opencv/build/OpenCVConfig.cmake:116 (message):
[40.583s]   OpenCV: Include directory doesn't exist:
[40.585s]   '/home/olive/opencv_install/opencv-4.x/modules/ts/include'.  OpenCV
[40.587s]   installation may be broken.  Skip...
[40.589s] Call Stack (most recent call first):
[40.591s]   cmake/ROS2.cmake:23 (find_package)
[40.593s]   CMakeLists.txt:21 (include)
[40.595s] 
[40.597s] 
[40.603s] CMake Warning at /home/olive/opencv/opencv/build/OpenCVConfig.cmake:116 (message):
[40.605s]   OpenCV: Include directory doesn't exist:
[40.608s]   '/home/olive/opencv_install/opencv-4.x/modules/video/include'.  OpenCV
[40.610s]   installation may be broken.  Skip...
[40.612s] Call Stack (most recent call first):
[40.614s]   cmake/ROS2.cmake:23 (find_package)
[40.616s]   CMakeLists.txt:21 (include)
[40.618s] 
[40.620s] 
[40.622s] -- Found OpenCV: /home/olive/opencv/opencv/build (found version "4.8.0") found components: core imgproc 
[40.624s] -- Found rclcpp: 16.0.1 (/opt/ros2/humble/install/rclcpp/share/rclcpp/cmake)
[43.750s] -- Found rosidl_generator_c: 3.1.3 (/opt/ros2/humble/install/rosidl_generator_c/share/rosidl_generator_c/cmake)
[44.198s] -- Found rosidl_adapter: 3.1.3 (/opt/ros2/humble/install/rosidl_adapter/share/rosidl_adapter/cmake)
[44.758s] -- Found rosidl_generator_cpp: 3.1.3 (/opt/ros2/humble/install/rosidl_generator_cpp/share/rosidl_generator_cpp/cmake)
[46.289s] -- Using all available rosidl_typesupport_c: rosidl_typesupport_introspection_c;rosidl_typesupport_fastrtps_c
[48.105s] -- Using all available rosidl_typesupport_cpp: rosidl_typesupport_introspection_cpp;rosidl_typesupport_fastrtps_cpp
[52.304s] -- Found rmw_implementation_cmake: 6.1.0 (/opt/ros2/humble/install/rmw_implementation_cmake/share/rmw_implementation_cmake/cmake)
[53.214s] -- Found rmw_fastrtps_cpp: 6.2.1 (/opt/ros2/humble/install/rmw_fastrtps_cpp/share/rmw_fastrtps_cpp/cmake)
[59.037s] -- Found OpenSSL: /usr/lib/arm-linux-gnueabihf/libcrypto.so (found version "1.1.1w")  
[59.996s] -- Found FastRTPS: /opt/ros2/humble/install/fastrtps/include  
[62.545s] -- Using RMW implementation 'rmw_fastrtps_cpp' as default
[69.444s] -- Found rclcpp_components: 16.0.1 (/opt/ros2/humble/install/rclcpp_components/share/rclcpp_components/cmake)
[71.985s] -- Found image_transport: 3.1.4 (/opt/ros2/humble/install/image_transport/share/image_transport/cmake)
[77.731s] -- Found cv_bridge: 3.2.1 (/home/olive/workspace2/install/cv_bridge/share/cv_bridge/cmake)
[77.881s] -- Found apriltag_msgs: 2.0.1 (/home/olive/workspace2/install/apriltag_msgs/share/apriltag_msgs/cmake)
[81.887s] -- Found ament_cmake_copyright: 0.12.4 (/opt/ros2/humble/install/ament_cmake_copyright/share/ament_cmake_copyright/cmake)
[82.155s] -- Found ament_cmake_cppcheck: 0.12.4 (/opt/ros2/humble/install/ament_cmake_cppcheck/share/ament_cmake_cppcheck/cmake)
[82.420s] -- Found ament_cmake_cpplint: 0.12.4 (/opt/ros2/humble/install/ament_cmake_cpplint/share/ament_cmake_cpplint/cmake)
[82.689s] -- Found ament_cmake_clang_format: 0.12.4 (/opt/ros2/humble/install/ament_cmake_clang_format/share/ament_cmake_clang_format/cmake)
[82.952s] -- Found ament_cmake_flake8: 0.12.4 (/opt/ros2/humble/install/ament_cmake_flake8/share/ament_cmake_flake8/cmake)
[83.215s] -- Found ament_cmake_lint_cmake: 0.12.4 (/opt/ros2/humble/install/ament_cmake_lint_cmake/share/ament_cmake_lint_cmake/cmake)
[83.469s] -- Found ament_cmake_pep257: 0.12.4 (/opt/ros2/humble/install/ament_cmake_pep257/share/ament_cmake_pep257/cmake)
[83.752s] -- Found ament_cmake_xmllint: 0.12.4 (/opt/ros2/humble/install/ament_cmake_xmllint/share/ament_cmake_xmllint/cmake)
[88.099s] -- Configuring done
[89.070s] -- Generating done
[89.115s] -- Build files have been written to: /home/olive/workspace2/build/apriltag_detector
[89.251s] Invoked command in '/home/olive/workspace2/build/apriltag_detector' returned '0': CMAKE_PREFIX_PATH=${CMAKE_PREFIX_PATH}:/home/olive/examples/install/shake_detector:/opt/ros2/humble/install/rqt_bag_plugins:/opt/ros2/humble/install/rqt_bag:/opt/ros2/humble/install/ros2bag:/opt/ros2/humble/install/tracetools_test:/opt/ros2/humble/install/tracetools_launch:/opt/ros2/humble/install/topic_monitor:/opt/ros2/humble/install/tf2_tools:/opt/ros2/humble/install/examples_tf2_py:/opt/ros2/humble/install/tf2_ros_py:/opt/ros2/humble/install/sros2:/opt/ros2/humble/install/rqt_topic:/opt/ros2/humble/install/rqt_srv:/opt/ros2/humble/install/rqt_shell:/opt/ros2/humble/install/rqt_service_caller:/opt/ros2/humble/install/rqt_reconfigure:/opt/ros2/humble/install/rqt_py_console:/opt/ros2/humble/install/rqt_publisher:/opt/ros2/humble/install/rqt_plot:/opt/ros2/humble/install/rqt_action:/opt/ros2/humble/install/rqt_msg:/opt/ros2/humble/install/rqt_console:/opt/ros2/humble/install/rqt:/opt/ros2/humble/install/rqt_graph:/opt/ros2/humble/install/rqt_gui_py:/opt/ros2/humble/install/rqt_gui:/opt/ros2/humble/install/ros2trace:/opt/ros2/humble/install/ros2topic:/opt/ros2/humble/install/ros2test:/opt/ros2/humble/install/ros2component:/opt/ros2/humble/install/ros2param:/opt/ros2/humble/install/ros2lifecycle:/opt/ros2/humble/install/ros2service:/opt/ros2/humble/install/ros2run:/opt/ros2/humble/install/ros2launch:/opt/ros2/humble/install/ros2pkg:/opt/ros2/humble/install/ros2node:/opt/ros2/humble/install/ros2multicast:/opt/ros2/humble/install/ros2interface:/opt/ros2/humble/install/ros2doctor:/opt/ros2/humble/install/ros2action:/opt/ros2/humble/install/ros2cli:/opt/ros2/humble/install/quality_of_service_demo_py:/opt/ros2/humble/install/lifecycle_py:/opt/ros2/humble/install/launch_testing_ros:/opt/ros2/humble/install/launch_ros:/opt/ros2/humble/install/examples_rclpy_pointcloud_publisher:/opt/ros2/humble/install/examples_rclpy_minimal_subscriber:/opt/ros2/humble/install/examples_rclpy_minimal_service:/opt/ros2/humble/install/examples_rclpy_minimal_publisher:/opt/ros2/humble/install/examples_rclpy_minimal_client:/opt/ros2/humble/install/examples_rclpy_minimal_action_server:/opt/ros2/humble/install/examples_rclpy_minimal_action_client:/opt/ros2/humble/install/examples_rclpy_guard_conditions:/opt/ros2/humble/install/examples_rclpy_executors:/opt/ros2/humble/install/demo_nodes_py:/opt/ros2/humble/install/action_tutorials_py:/opt/ros2/humble/install/ament_uncrustify:/opt/ros2/humble/install/tracetools_trace:/opt/ros2/humble/install/tracetools_read:/opt/ros2/humble/install/test_tracetools_launch:/opt/ros2/humble/install/test_launch_ros:/opt/ros2/humble/install/sensor_msgs_py:/opt/ros2/humble/install/rpyutils:/opt/ros2/humble/install/rosidl_runtime_py:/opt/ros2/humble/install/rosidl_cli:/opt/ros2/humble/install/launch_pytest:/opt/ros2/humble/install/launch_testing:/opt/ros2/humble/install/launch_yaml:/opt/ros2/humble/install/launch_xml:/opt/ros2/humble/install/launch:/opt/ros2/humble/install/osrf_pycommon:/opt/ros2/humble/install/launch_testing_examples:/opt/ros2/humble/install/domain_coordinator:/opt/ros2/humble/install/ament_xmllint:/opt/ros2/humble/install/ament_pyflakes:/opt/ros2/humble/install/ament_pycodestyle:/opt/ros2/humble/install/ament_pep257:/opt/ros2/humble/install/ament_pclint:/opt/ros2/humble/install/ament_package:/opt/ros2/humble/install/ament_mypy:/opt/ros2/humble/install/ament_lint_cmake:/opt/ros2/humble/install/ament_flake8:/opt/ros2/humble/install/ament_copyright:/opt/ros2/humble/install/ament_lint:/opt/ros2/humble/install/ament_index_python:/opt/ros2/humble/install/ament_cpplint:/opt/ros2/humble/install/ament_cppcheck:/opt/ros2/humble/install/ament_clang_tidy:/opt/ros2/humble/install/ament_clang_format /usr/bin/cmake /home/olive/workspace2/src/apriltag_detector -DCMAKE_INSTALL_PREFIX=/home/olive/workspace2/install/apriltag_detector
[89.285s] Invoking command in '/home/olive/workspace2/build/apriltag_detector': CMAKE_PREFIX_PATH=${CMAKE_PREFIX_PATH}:/home/olive/examples/install/shake_detector:/opt/ros2/humble/install/rqt_bag_plugins:/opt/ros2/humble/install/rqt_bag:/opt/ros2/humble/install/ros2bag:/opt/ros2/humble/install/tracetools_test:/opt/ros2/humble/install/tracetools_launch:/opt/ros2/humble/install/topic_monitor:/opt/ros2/humble/install/tf2_tools:/opt/ros2/humble/install/examples_tf2_py:/opt/ros2/humble/install/tf2_ros_py:/opt/ros2/humble/install/sros2:/opt/ros2/humble/install/rqt_topic:/opt/ros2/humble/install/rqt_srv:/opt/ros2/humble/install/rqt_shell:/opt/ros2/humble/install/rqt_service_caller:/opt/ros2/humble/install/rqt_reconfigure:/opt/ros2/humble/install/rqt_py_console:/opt/ros2/humble/install/rqt_publisher:/opt/ros2/humble/install/rqt_plot:/opt/ros2/humble/install/rqt_action:/opt/ros2/humble/install/rqt_msg:/opt/ros2/humble/install/rqt_console:/opt/ros2/humble/install/rqt:/opt/ros2/humble/install/rqt_graph:/opt/ros2/humble/install/rqt_gui_py:/opt/ros2/humble/install/rqt_gui:/opt/ros2/humble/install/ros2trace:/opt/ros2/humble/install/ros2topic:/opt/ros2/humble/install/ros2test:/opt/ros2/humble/install/ros2component:/opt/ros2/humble/install/ros2param:/opt/ros2/humble/install/ros2lifecycle:/opt/ros2/humble/install/ros2service:/opt/ros2/humble/install/ros2run:/opt/ros2/humble/install/ros2launch:/opt/ros2/humble/install/ros2pkg:/opt/ros2/humble/install/ros2node:/opt/ros2/humble/install/ros2multicast:/opt/ros2/humble/install/ros2interface:/opt/ros2/humble/install/ros2doctor:/opt/ros2/humble/install/ros2action:/opt/ros2/humble/install/ros2cli:/opt/ros2/humble/install/quality_of_service_demo_py:/opt/ros2/humble/install/lifecycle_py:/opt/ros2/humble/install/launch_testing_ros:/opt/ros2/humble/install/launch_ros:/opt/ros2/humble/install/examples_rclpy_pointcloud_publisher:/opt/ros2/humble/install/examples_rclpy_minimal_subscriber:/opt/ros2/humble/install/examples_rclpy_minimal_service:/opt/ros2/humble/install/examples_rclpy_minimal_publisher:/opt/ros2/humble/install/examples_rclpy_minimal_client:/opt/ros2/humble/install/examples_rclpy_minimal_action_server:/opt/ros2/humble/install/examples_rclpy_minimal_action_client:/opt/ros2/humble/install/examples_rclpy_guard_conditions:/opt/ros2/humble/install/examples_rclpy_executors:/opt/ros2/humble/install/demo_nodes_py:/opt/ros2/humble/install/action_tutorials_py:/opt/ros2/humble/install/ament_uncrustify:/opt/ros2/humble/install/tracetools_trace:/opt/ros2/humble/install/tracetools_read:/opt/ros2/humble/install/test_tracetools_launch:/opt/ros2/humble/install/test_launch_ros:/opt/ros2/humble/install/sensor_msgs_py:/opt/ros2/humble/install/rpyutils:/opt/ros2/humble/install/rosidl_runtime_py:/opt/ros2/humble/install/rosidl_cli:/opt/ros2/humble/install/launch_pytest:/opt/ros2/humble/install/launch_testing:/opt/ros2/humble/install/launch_yaml:/opt/ros2/humble/install/launch_xml:/opt/ros2/humble/install/launch:/opt/ros2/humble/install/osrf_pycommon:/opt/ros2/humble/install/launch_testing_examples:/opt/ros2/humble/install/domain_coordinator:/opt/ros2/humble/install/ament_xmllint:/opt/ros2/humble/install/ament_pyflakes:/opt/ros2/humble/install/ament_pycodestyle:/opt/ros2/humble/install/ament_pep257:/opt/ros2/humble/install/ament_pclint:/opt/ros2/humble/install/ament_package:/opt/ros2/humble/install/ament_mypy:/opt/ros2/humble/install/ament_lint_cmake:/opt/ros2/humble/install/ament_flake8:/opt/ros2/humble/install/ament_copyright:/opt/ros2/humble/install/ament_lint:/opt/ros2/humble/install/ament_index_python:/opt/ros2/humble/install/ament_cpplint:/opt/ros2/humble/install/ament_cppcheck:/opt/ros2/humble/install/ament_clang_tidy:/opt/ros2/humble/install/ament_clang_format /usr/bin/cmake --build /home/olive/workspace2/build/apriltag_detector -- -j2 -l2
[90.187s] -- Found ament_cmake: 1.3.2 (/opt/ros2/humble/install/ament_cmake/share/ament_cmake/cmake)
[97.787s] -- Found ament_cmake_ros: 0.10.0 (/opt/ros2/humble/install/ament_cmake_ros/share/ament_cmake_ros/cmake)
[97.925s] CMake Warning at /home/olive/opencv/opencv/build/OpenCVConfig.cmake:116 (message):
[97.927s]   OpenCV: Include directory doesn't exist:
[97.930s]   '/home/olive/opencv_install/opencv-4.x/build'.  OpenCV installation may be
[97.932s]   broken.  Skip...
[97.934s] Call Stack (most recent call first):
[97.936s]   cmake/ROS2.cmake:23 (find_package)
[97.944s]   CMakeLists.txt:21 (include)
[97.946s] 
[97.948s] 
[97.950s] CMake Warning at /home/olive/opencv/opencv/build/OpenCVConfig.cmake:116 (message):
[97.952s]   OpenCV: Include directory doesn't exist:
[97.954s]   '/home/olive/opencv_install/opencv-4.x/include'.  OpenCV installation may
[97.956s]   be broken.  Skip...
[97.959s] Call Stack (most recent call first):
[97.961s]   cmake/ROS2.cmake:23 (find_package)
[97.963s]   CMakeLists.txt:21 (include)
[97.965s] 
[97.967s] 
[97.969s] CMake Warning at /home/olive/opencv/opencv/build/OpenCVConfig.cmake:116 (message):
[97.971s]   OpenCV: Include directory doesn't exist:
[97.973s]   '/home/olive/opencv_install/opencv-4.x/modules/core/include'.  OpenCV
[97.975s]   installation may be broken.  Skip...
[97.978s] Call Stack (most recent call first):
[97.980s]   cmake/ROS2.cmake:23 (find_package)
[97.983s]   CMakeLists.txt:21 (include)
[97.985s] 
[97.988s] 
[97.990s] CMake Warning at /home/olive/opencv/opencv/build/OpenCVConfig.cmake:116 (message):
[97.992s]   OpenCV: Include directory doesn't exist:
[97.994s]   '/home/olive/opencv_install/opencv-4.x/modules/flann/include'.  OpenCV
[97.996s]   installation may be broken.  Skip...
[98.025s] Call Stack (most recent call first):
[98.029s]   cmake/ROS2.cmake:23 (find_package)
[98.031s]   CMakeLists.txt:21 (include)
[98.033s] 
[98.035s] 
[98.037s] CMake Warning at /home/olive/opencv/opencv/build/OpenCVConfig.cmake:116 (message):
[98.060s]   OpenCV: Include directory doesn't exist:
[98.062s]   '/home/olive/opencv_install/opencv-4.x/modules/imgproc/include'.  OpenCV
[98.065s]   installation may be broken.  Skip...
[98.067s] Call Stack (most recent call first):
[98.069s]   cmake/ROS2.cmake:23 (find_package)
[98.071s]   CMakeLists.txt:21 (include)
[98.073s] 
[98.075s] 
[98.077s] CMake Warning at /home/olive/opencv/opencv/build/OpenCVConfig.cmake:116 (message):
[98.080s]   OpenCV: Include directory doesn't exist:
[98.082s]   '/home/olive/opencv_install/opencv-4.x/modules/ml/include'.  OpenCV
[98.084s]   installation may be broken.  Skip...
[98.086s] Call Stack (most recent call first):
[98.089s]   cmake/ROS2.cmake:23 (find_package)
[98.091s]   CMakeLists.txt:21 (include)
[98.093s] 
[98.095s] 
[98.097s] CMake Warning at /home/olive/opencv/opencv/build/OpenCVConfig.cmake:116 (message):
[98.099s]   OpenCV: Include directory doesn't exist:
[98.101s]   '/home/olive/opencv_install/opencv-4.x/modules/photo/include'.  OpenCV
[98.104s]   installation may be broken.  Skip...
[98.106s] Call Stack (most recent call first):
[98.108s]   cmake/ROS2.cmake:23 (find_package)
[98.110s]   CMakeLists.txt:21 (include)
[98.113s] 
[98.115s] 
[98.117s] CMake Warning at /home/olive/opencv/opencv/build/OpenCVConfig.cmake:116 (message):
[98.119s]   OpenCV: Include directory doesn't exist:
[98.121s]   '/home/olive/opencv_install/opencv-4.x/modules/dnn/include'.  OpenCV
[98.123s]   installation may be broken.  Skip...
[98.126s] Call Stack (most recent call first):
[98.131s]   cmake/ROS2.cmake:23 (find_package)
[98.133s]   CMakeLists.txt:21 (include)
[98.135s] 
[98.137s] 
[98.140s] CMake Warning at /home/olive/opencv/opencv/build/OpenCVConfig.cmake:116 (message):
[98.142s]   OpenCV: Include directory doesn't exist:
[98.144s]   '/home/olive/opencv_install/opencv-4.x/modules/features2d/include'.  OpenCV
[98.146s]   installation may be broken.  Skip...
[98.148s] Call Stack (most recent call first):
[98.151s]   cmake/ROS2.cmake:23 (find_package)
[98.153s]   CMakeLists.txt:21 (include)
[98.155s] 
[98.157s] 
[98.159s] CMake Warning at /home/olive/opencv/opencv/build/OpenCVConfig.cmake:116 (message):
[98.161s]   OpenCV: Include directory doesn't exist:
[98.163s]   '/home/olive/opencv_install/opencv-4.x/modules/imgcodecs/include'.  OpenCV
[98.165s]   installation may be broken.  Skip...
[98.167s] Call Stack (most recent call first):
[98.170s]   cmake/ROS2.cmake:23 (find_package)
[98.172s]   CMakeLists.txt:21 (include)
[98.174s] 
[98.176s] 
[98.178s] CMake Warning at /home/olive/opencv/opencv/build/OpenCVConfig.cmake:116 (message):
[98.180s]   OpenCV: Include directory doesn't exist:
[98.182s]   '/home/olive/opencv_install/opencv-4.x/modules/videoio/include'.  OpenCV
[98.185s]   installation may be broken.  Skip...
[98.187s] Call Stack (most recent call first):
[98.189s]   cmake/ROS2.cmake:23 (find_package)
[98.191s]   CMakeLists.txt:21 (include)
[98.193s] 
[98.195s] 
[98.197s] CMake Warning at /home/olive/opencv/opencv/build/OpenCVConfig.cmake:116 (message):
[98.199s]   OpenCV: Include directory doesn't exist:
[98.201s]   '/home/olive/opencv_install/opencv-4.x/modules/calib3d/include'.  OpenCV
[98.203s]   installation may be broken.  Skip...
[98.205s] Call Stack (most recent call first):
[98.207s]   cmake/ROS2.cmake:23 (find_package)
[98.210s]   CMakeLists.txt:21 (include)
[98.212s] 
[98.214s] 
[98.216s] CMake Warning at /home/olive/opencv/opencv/build/OpenCVConfig.cmake:116 (message):
[98.219s]   OpenCV: Include directory doesn't exist:
[98.221s]   '/home/olive/opencv_install/opencv-4.x/modules/highgui/include'.  OpenCV
[98.223s]   installation may be broken.  Skip...
[98.225s] Call Stack (most recent call first):
[98.227s]   cmake/ROS2.cmake:23 (find_package)
[98.231s]   CMakeLists.txt:21 (include)
[98.233s] 
[98.235s] 
[98.237s] CMake Warning at /home/olive/opencv/opencv/build/OpenCVConfig.cmake:116 (message):
[98.240s]   OpenCV: Include directory doesn't exist:
[98.242s]   '/home/olive/opencv_install/opencv-4.x/modules/objdetect/include'.  OpenCV
[98.244s]   installation may be broken.  Skip...
[98.246s] Call Stack (most recent call first):
[98.248s]   cmake/ROS2.cmake:23 (find_package)
[98.250s]   CMakeLists.txt:21 (include)
[98.252s] 
[98.254s] 
[98.256s] CMake Warning at /home/olive/opencv/opencv/build/OpenCVConfig.cmake:116 (message):
[98.259s]   OpenCV: Include directory doesn't exist:
[98.261s]   '/home/olive/opencv_install/opencv-4.x/modules/stitching/include'.  OpenCV
[98.263s]   installation may be broken.  Skip...
[98.265s] Call Stack (most recent call first):
[98.268s]   cmake/ROS2.cmake:23 (find_package)
[98.270s]   CMakeLists.txt:21 (include)
[98.272s] 
[98.274s] 
[98.276s] CMake Warning at /home/olive/opencv/opencv/build/OpenCVConfig.cmake:116 (message):
[98.278s]   OpenCV: Include directory doesn't exist:
[98.281s]   '/home/olive/opencv_install/opencv-4.x/modules/ts/include'.  OpenCV
[98.283s]   installation may be broken.  Skip...
[98.285s] Call Stack (most recent call first):
[98.287s]   cmake/ROS2.cmake:23 (find_package)
[98.289s]   CMakeLists.txt:21 (include)
[98.291s] 
[98.293s] 
[98.295s] CMake Warning at /home/olive/opencv/opencv/build/OpenCVConfig.cmake:116 (message):
[98.297s]   OpenCV: Include directory doesn't exist:
[98.299s]   '/home/olive/opencv_install/opencv-4.x/modules/video/include'.  OpenCV
[98.302s]   installation may be broken.  Skip...
[98.304s] Call Stack (most recent call first):
[98.306s]   cmake/ROS2.cmake:23 (find_package)
[98.308s]   CMakeLists.txt:21 (include)
[98.310s] 
[98.312s] 
[98.315s] -- Found rclcpp: 16.0.1 (/opt/ros2/humble/install/rclcpp/share/rclcpp/cmake)
[98.900s] -- Found rosidl_generator_c: 3.1.3 (/opt/ros2/humble/install/rosidl_generator_c/share/rosidl_generator_c/cmake)
[98.979s] -- Found rosidl_adapter: 3.1.3 (/opt/ros2/humble/install/rosidl_adapter/share/rosidl_adapter/cmake)
[99.148s] -- Found rosidl_generator_cpp: 3.1.3 (/opt/ros2/humble/install/rosidl_generator_cpp/share/rosidl_generator_cpp/cmake)
[100.221s] -- Using all available rosidl_typesupport_c: rosidl_typesupport_introspection_c;rosidl_typesupport_fastrtps_c
[101.466s] -- Using all available rosidl_typesupport_cpp: rosidl_typesupport_introspection_cpp;rosidl_typesupport_fastrtps_cpp
[104.153s] -- Found rmw_implementation_cmake: 6.1.0 (/opt/ros2/humble/install/rmw_implementation_cmake/share/rmw_implementation_cmake/cmake)
[104.920s] -- Found rmw_fastrtps_cpp: 6.2.1 (/opt/ros2/humble/install/rmw_fastrtps_cpp/share/rmw_fastrtps_cpp/cmake)
[109.547s] -- Using RMW implementation 'rmw_fastrtps_cpp' as default
[114.623s] -- Found rclcpp_components: 16.0.1 (/opt/ros2/humble/install/rclcpp_components/share/rclcpp_components/cmake)
[116.398s] -- Found image_transport: 3.1.4 (/opt/ros2/humble/install/image_transport/share/image_transport/cmake)
[121.412s] -- Found cv_bridge: 3.2.1 (/home/olive/workspace2/install/cv_bridge/share/cv_bridge/cmake)
[121.536s] -- Found apriltag_msgs: 2.0.1 (/home/olive/workspace2/install/apriltag_msgs/share/apriltag_msgs/cmake)
[125.177s] -- Found ament_cmake_copyright: 0.12.4 (/opt/ros2/humble/install/ament_cmake_copyright/share/ament_cmake_copyright/cmake)
[125.188s] -- Found ament_cmake_cppcheck: 0.12.4 (/opt/ros2/humble/install/ament_cmake_cppcheck/share/ament_cmake_cppcheck/cmake)
[125.200s] -- Found ament_cmake_cpplint: 0.12.4 (/opt/ros2/humble/install/ament_cmake_cpplint/share/ament_cmake_cpplint/cmake)
[125.212s] -- Found ament_cmake_clang_format: 0.12.4 (/opt/ros2/humble/install/ament_cmake_clang_format/share/ament_cmake_clang_format/cmake)
[125.224s] -- Found ament_cmake_flake8: 0.12.4 (/opt/ros2/humble/install/ament_cmake_flake8/share/ament_cmake_flake8/cmake)
[125.236s] -- Found ament_cmake_lint_cmake: 0.12.4 (/opt/ros2/humble/install/ament_cmake_lint_cmake/share/ament_cmake_lint_cmake/cmake)
[125.248s] -- Found ament_cmake_pep257: 0.12.4 (/opt/ros2/humble/install/ament_cmake_pep257/share/ament_cmake_pep257/cmake)
[125.259s] -- Found ament_cmake_xmllint: 0.12.4 (/opt/ros2/humble/install/ament_cmake_xmllint/share/ament_cmake_xmllint/cmake)
[129.046s] -- Configuring done
[129.933s] -- Generating done
[129.985s] -- Build files have been written to: /home/olive/workspace2/build/apriltag_detector
[130.903s] [35m[1mScanning dependencies of target detector_wrapper[0m
[131.206s] gmake[2]: Warning: File '/opt/ros2/humble/install/builtin_interfaces/include/builtin_interfaces/builtin_interfaces/msg/detail/time__struct.hpp' has modification time 8939537 s in the future
[131.582s] [ 11%] [32mBuilding CXX object CMakeFiles/detector_wrapper.dir/src/detector_wrapper.cpp.o[0m
[131.611s] [ 22%] [32mBuilding CXX object CMakeFiles/detector_wrapper.dir/src/detector_wrapper_base.cpp.o[0m
[133.582s] [01m[K/home/olive/workspace2/src/apriltag_detector/src/detector_wrapper_base.cpp:27:10:[m[K [01;31m[Kfatal error: [m[Kopencv2/core/core.hpp: No such file or directory
[133.584s]    27 | #include [01;31m[K<opencv2/core/core.hpp>[m[K
[133.588s]       |          [01;31m[K^~~~~~~~~~~~~~~~~~~~~~~[m[K
[133.590s] compilation terminated.
[133.602s] gmake[2]: *** [CMakeFiles/detector_wrapper.dir/build.make:95: CMakeFiles/detector_wrapper.dir/src/detector_wrapper_base.cpp.o] Error 1
[133.604s] gmake[2]: *** Waiting for unfinished jobs....
[133.942s] In file included from [01m[K/home/olive/workspace2/src/apriltag_detector/src/detector_wrapper.cpp:17[m[K:
[133.944s] [01m[K/home/olive/workspace2/src/apriltag_detector/include/apriltag_detector/detector_wrapper.hpp:21:10:[m[K [01;31m[Kfatal error: [m[Kopencv2/core/core.hpp: No such file or directory
[133.946s]    21 | #include [01;31m[K<opencv2/core/core.hpp>[m[K
[133.948s]       |          [01;31m[K^~~~~~~~~~~~~~~~~~~~~~~[m[K
[133.951s] compilation terminated.
[133.966s] gmake[2]: *** [CMakeFiles/detector_wrapper.dir/build.make:82: CMakeFiles/detector_wrapper.dir/src/detector_wrapper.cpp.o] Error 1
[133.969s] gmake[1]: *** [CMakeFiles/Makefile2:156: CMakeFiles/detector_wrapper.dir/all] Error 2
[133.979s] gmake: *** [Makefile:160: all] Error 2
[133.993s] Invoked command in '/home/olive/workspace2/build/apriltag_detector' returned '2': CMAKE_PREFIX_PATH=${CMAKE_PREFIX_PATH}:/home/olive/examples/install/shake_detector:/opt/ros2/humble/install/rqt_bag_plugins:/opt/ros2/humble/install/rqt_bag:/opt/ros2/humble/install/ros2bag:/opt/ros2/humble/install/tracetools_test:/opt/ros2/humble/install/tracetools_launch:/opt/ros2/humble/install/topic_monitor:/opt/ros2/humble/install/tf2_tools:/opt/ros2/humble/install/examples_tf2_py:/opt/ros2/humble/install/tf2_ros_py:/opt/ros2/humble/install/sros2:/opt/ros2/humble/install/rqt_topic:/opt/ros2/humble/install/rqt_srv:/opt/ros2/humble/install/rqt_shell:/opt/ros2/humble/install/rqt_service_caller:/opt/ros2/humble/install/rqt_reconfigure:/opt/ros2/humble/install/rqt_py_console:/opt/ros2/humble/install/rqt_publisher:/opt/ros2/humble/install/rqt_plot:/opt/ros2/humble/install/rqt_action:/opt/ros2/humble/install/rqt_msg:/opt/ros2/humble/install/rqt_console:/opt/ros2/humble/install/rqt:/opt/ros2/humble/install/rqt_graph:/opt/ros2/humble/install/rqt_gui_py:/opt/ros2/humble/install/rqt_gui:/opt/ros2/humble/install/ros2trace:/opt/ros2/humble/install/ros2topic:/opt/ros2/humble/install/ros2test:/opt/ros2/humble/install/ros2component:/opt/ros2/humble/install/ros2param:/opt/ros2/humble/install/ros2lifecycle:/opt/ros2/humble/install/ros2service:/opt/ros2/humble/install/ros2run:/opt/ros2/humble/install/ros2launch:/opt/ros2/humble/install/ros2pkg:/opt/ros2/humble/install/ros2node:/opt/ros2/humble/install/ros2multicast:/opt/ros2/humble/install/ros2interface:/opt/ros2/humble/install/ros2doctor:/opt/ros2/humble/install/ros2action:/opt/ros2/humble/install/ros2cli:/opt/ros2/humble/install/quality_of_service_demo_py:/opt/ros2/humble/install/lifecycle_py:/opt/ros2/humble/install/launch_testing_ros:/opt/ros2/humble/install/launch_ros:/opt/ros2/humble/install/examples_rclpy_pointcloud_publisher:/opt/ros2/humble/install/examples_rclpy_minimal_subscriber:/opt/ros2/humble/install/examples_rclpy_minimal_service:/opt/ros2/humble/install/examples_rclpy_minimal_publisher:/opt/ros2/humble/install/examples_rclpy_minimal_client:/opt/ros2/humble/install/examples_rclpy_minimal_action_server:/opt/ros2/humble/install/examples_rclpy_minimal_action_client:/opt/ros2/humble/install/examples_rclpy_guard_conditions:/opt/ros2/humble/install/examples_rclpy_executors:/opt/ros2/humble/install/demo_nodes_py:/opt/ros2/humble/install/action_tutorials_py:/opt/ros2/humble/install/ament_uncrustify:/opt/ros2/humble/install/tracetools_trace:/opt/ros2/humble/install/tracetools_read:/opt/ros2/humble/install/test_tracetools_launch:/opt/ros2/humble/install/test_launch_ros:/opt/ros2/humble/install/sensor_msgs_py:/opt/ros2/humble/install/rpyutils:/opt/ros2/humble/install/rosidl_runtime_py:/opt/ros2/humble/install/rosidl_cli:/opt/ros2/humble/install/launch_pytest:/opt/ros2/humble/install/launch_testing:/opt/ros2/humble/install/launch_yaml:/opt/ros2/humble/install/launch_xml:/opt/ros2/humble/install/launch:/opt/ros2/humble/install/osrf_pycommon:/opt/ros2/humble/install/launch_testing_examples:/opt/ros2/humble/install/domain_coordinator:/opt/ros2/humble/install/ament_xmllint:/opt/ros2/humble/install/ament_pyflakes:/opt/ros2/humble/install/ament_pycodestyle:/opt/ros2/humble/install/ament_pep257:/opt/ros2/humble/install/ament_pclint:/opt/ros2/humble/install/ament_package:/opt/ros2/humble/install/ament_mypy:/opt/ros2/humble/install/ament_lint_cmake:/opt/ros2/humble/install/ament_flake8:/opt/ros2/humble/install/ament_copyright:/opt/ros2/humble/install/ament_lint:/opt/ros2/humble/install/ament_index_python:/opt/ros2/humble/install/ament_cpplint:/opt/ros2/humble/install/ament_cppcheck:/opt/ros2/humble/install/ament_clang_tidy:/opt/ros2/humble/install/ament_clang_format /usr/bin/cmake --build /home/olive/workspace2/build/apriltag_detector -- -j2 -l2
